2025-06-09 13:56:53,017 - INFO - 开始导入所有历史数据...
2025-06-09 13:56:53,026 - INFO - 处理ETF基本信息文件: data/ETF_DATA_20250103.xlsx, 日期: 2025-01-03
2025-06-09 13:56:53,040 - INFO - 日期 2025-01-03 的ETF规模历史数据已存在，跳过导入
2025-06-09 13:56:53,041 - INFO - 处理ETF基本信息文件: data/ETF_DATA_20250213.xlsx, 日期: 2025-02-13
2025-06-09 13:56:53,272 - INFO - 文件中的工作表: ['万得']
2025-06-09 13:56:53,578 - INFO - 原始列名: ['证券代码', '证券简称', '业绩比较基准', '成立年限\n[单位] 年', '基金上市地点', '基金成立日', '基金管理人', '管理费率\n[单位] %', '托管费率\n[单位] %', '指数使用费率', '跟踪指数代码', '日均跟踪偏离度阈值(业绩基准)\n[单位] %', '年化跟踪误差阈值(业绩基准)\n[单位] %', '跟踪误差\n[起始交易日期] 截止日52周前\n[截止交易日期] 最新收盘日\n[计算周期] 日\n[收益率计算方法] 普通收益率\n[标的指数] 上证综合指数\n[单位] %', '跟踪误差(跟踪指数)\n[起始交易日期] 截止日52周前\n[截止交易日期] 最新收盘日\n[计算周期] 日\n[收益率计算方法] 普通收益率\n[单位] %', '信息比率(年化)\n[起始交易日期] 截止日52周前\n[截止交易日期] 最新收盘日\n[计算周期] 日\n[收益率计算方法] 普通收益率\n[无风险收益率] 一年定存利率（税前）\n[标的指数] 上证综合指数', '跟踪误差(年化)\n[起始交易日期] 截止日52周前\n[截止交易日期] 最新收盘日\n[计算周期] 日\n[收益率计算方法] 普通收益率\n[标的指数] 上证综合指数\n[单位] %', '月成交额\n[交易日期] 最新收盘日\n[单位] 百万元']
2025-06-09 13:56:53,578 - INFO - 数据形状: (1078, 18)
2025-06-09 13:56:53,598 - INFO - 数据前5行:
        证券代码  ... 月成交额\n[交易日期] 最新收盘日\n[单位] 百万元
0  159005.SZ  ...                          NaN
1  159515.SZ  ...                      11.1338
2  159563.SZ  ...                      63.5483
3  159577.SZ  ...                     701.3837
4  159788.SZ  ...                      77.2533

[5 rows x 18 columns]
2025-06-09 13:56:53,598 - ERROR - 无法在文件 data/ETF_DATA_20250213.xlsx 中找到规模列
2025-06-09 13:56:53,598 - INFO - 处理ETF基本信息文件: data/ETF_DATA_20250214.xlsx, 日期: 2025-02-14
2025-06-09 13:56:53,611 - INFO - 日期 2025-02-14 的ETF规模历史数据已存在，跳过导入
2025-06-09 13:56:53,611 - INFO - 处理ETF基本信息文件: data/ETF_DATA_20250228.xlsx, 日期: 2025-02-28
2025-06-09 13:56:53,626 - INFO - 日期 2025-02-28 的ETF规模历史数据已存在，跳过导入
2025-06-09 13:56:53,626 - INFO - 处理ETF基本信息文件: data/ETF_DATA_20250307.xlsx, 日期: 2025-03-07
2025-06-09 13:56:53,640 - INFO - 日期 2025-03-07 的ETF规模历史数据已存在，跳过导入
2025-06-09 13:56:53,640 - INFO - 处理ETF基本信息文件: data/ETF_DATA_20250314.xlsx, 日期: 2025-03-14
2025-06-09 13:56:53,653 - INFO - 日期 2025-03-14 的ETF规模历史数据已存在，跳过导入
2025-06-09 13:56:53,653 - INFO - 处理ETF基本信息文件: data/ETF_DATA_20250321.xlsx, 日期: 2025-03-21
2025-06-09 13:56:53,666 - INFO - 日期 2025-03-21 的ETF规模历史数据已存在，跳过导入
2025-06-09 13:56:53,666 - INFO - 处理ETF基本信息文件: data/ETF_DATA_20250325.xlsx, 日期: 2025-03-25
2025-06-09 13:56:53,679 - INFO - 日期 2025-03-25 的ETF规模历史数据已存在，跳过导入
2025-06-09 13:56:53,679 - INFO - 处理ETF基本信息文件: data/ETF_DATA_20250326.xlsx, 日期: 2025-03-26
2025-06-09 13:56:53,693 - INFO - 日期 2025-03-26 的ETF规模历史数据已存在，跳过导入
2025-06-09 13:56:53,693 - INFO - 处理ETF基本信息文件: data/ETF_DATA_20250327.xlsx, 日期: 2025-03-27
2025-06-09 13:56:53,707 - INFO - 日期 2025-03-27 的ETF规模历史数据已存在，跳过导入
2025-06-09 13:56:53,707 - INFO - 处理ETF基本信息文件: data/ETF_DATA_20250328.xlsx, 日期: 2025-03-28
2025-06-09 13:56:53,720 - INFO - 日期 2025-03-28 的ETF规模历史数据已存在，跳过导入
2025-06-09 13:56:53,720 - INFO - 处理ETF基本信息文件: data/ETF_DATA_20250331.xlsx, 日期: 2025-03-31
2025-06-09 13:56:53,732 - INFO - 日期 2025-03-31 的ETF规模历史数据已存在，跳过导入
2025-06-09 13:56:53,732 - INFO - 处理ETF基本信息文件: data/ETF_DATA_20250401.xlsx, 日期: 2025-04-01
2025-06-09 13:56:53,745 - INFO - 日期 2025-04-01 的ETF规模历史数据已存在，跳过导入
2025-06-09 13:56:53,745 - INFO - 处理ETF基本信息文件: data/ETF_DATA_20250402.xlsx, 日期: 2025-04-02
2025-06-09 13:56:53,758 - INFO - 日期 2025-04-02 的ETF规模历史数据已存在，跳过导入
2025-06-09 13:56:53,758 - INFO - 处理ETF基本信息文件: data/ETF_DATA_20250403.xlsx, 日期: 2025-04-03
2025-06-09 13:56:53,771 - INFO - 日期 2025-04-03 的ETF规模历史数据已存在，跳过导入
2025-06-09 13:56:53,771 - INFO - 处理ETF基本信息文件: data/ETF_DATA_20250407.xlsx, 日期: 2025-04-07
2025-06-09 13:56:53,783 - INFO - 日期 2025-04-07 的ETF规模历史数据已存在，跳过导入
2025-06-09 13:56:53,783 - INFO - 处理ETF基本信息文件: data/ETF_DATA_20250408.xlsx, 日期: 2025-04-08
2025-06-09 13:56:53,796 - INFO - 日期 2025-04-08 的ETF规模历史数据已存在，跳过导入
2025-06-09 13:56:53,796 - INFO - 处理ETF基本信息文件: data/ETF_DATA_20250409.xlsx, 日期: 2025-04-09
2025-06-09 13:56:53,809 - INFO - 日期 2025-04-09 的ETF规模历史数据已存在，跳过导入
2025-06-09 13:56:53,809 - INFO - 处理ETF基本信息文件: data/ETF_DATA_20250410.xlsx, 日期: 2025-04-10
2025-06-09 13:56:53,822 - INFO - 日期 2025-04-10 的ETF规模历史数据已存在，跳过导入
2025-06-09 13:56:53,822 - INFO - 处理ETF基本信息文件: data/ETF_DATA_20250411.xlsx, 日期: 2025-04-11
2025-06-09 13:56:53,834 - INFO - 日期 2025-04-11 的ETF规模历史数据已存在，跳过导入
2025-06-09 13:56:53,834 - INFO - 处理ETF基本信息文件: data/ETF_DATA_20250414.xlsx, 日期: 2025-04-14
2025-06-09 13:56:53,848 - INFO - 日期 2025-04-14 的ETF规模历史数据已存在，跳过导入
2025-06-09 13:56:53,848 - INFO - 处理ETF基本信息文件: data/ETF_DATA_20250415.xlsx, 日期: 2025-04-15
2025-06-09 13:56:53,861 - INFO - 日期 2025-04-15 的ETF规模历史数据已存在，跳过导入
2025-06-09 13:56:53,861 - INFO - 处理ETF基本信息文件: data/ETF_DATA_20250416.xlsx, 日期: 2025-04-16
2025-06-09 13:56:53,875 - INFO - 日期 2025-04-16 的ETF规模历史数据已存在，跳过导入
2025-06-09 13:56:53,875 - INFO - 处理ETF基本信息文件: data/ETF_DATA_20250417.xlsx, 日期: 2025-04-17
2025-06-09 13:56:53,888 - INFO - 日期 2025-04-17 的ETF规模历史数据已存在，跳过导入
2025-06-09 13:56:53,888 - INFO - 处理ETF基本信息文件: data/ETF_DATA_20250418.xlsx, 日期: 2025-04-18
2025-06-09 13:56:53,900 - INFO - 日期 2025-04-18 的ETF规模历史数据已存在，跳过导入
2025-06-09 13:56:53,900 - INFO - 处理ETF基本信息文件: data/ETF_DATA_20250421.xlsx, 日期: 2025-04-21
2025-06-09 13:56:53,913 - INFO - 日期 2025-04-21 的ETF规模历史数据已存在，跳过导入
2025-06-09 13:56:53,913 - INFO - 处理ETF基本信息文件: data/ETF_DATA_20250422.xlsx, 日期: 2025-04-22
2025-06-09 13:56:53,926 - INFO - 日期 2025-04-22 的ETF规模历史数据已存在，跳过导入
2025-06-09 13:56:53,926 - INFO - 处理ETF基本信息文件: data/ETF_DATA_20250423.xlsx, 日期: 2025-04-23
2025-06-09 13:56:53,939 - INFO - 日期 2025-04-23 的ETF规模历史数据已存在，跳过导入
2025-06-09 13:56:53,939 - INFO - 处理ETF基本信息文件: data/ETF_DATA_20250424.xlsx, 日期: 2025-04-24
2025-06-09 13:56:53,951 - INFO - 日期 2025-04-24 的ETF规模历史数据已存在，跳过导入
2025-06-09 13:56:53,951 - INFO - 处理ETF基本信息文件: data/ETF_DATA_20250425.xlsx, 日期: 2025-04-25
2025-06-09 13:56:53,963 - INFO - 日期 2025-04-25 的ETF规模历史数据已存在，跳过导入
2025-06-09 13:56:53,963 - INFO - 处理ETF基本信息文件: data/ETF_DATA_20250428.xlsx, 日期: 2025-04-28
2025-06-09 13:56:53,976 - INFO - 日期 2025-04-28 的ETF规模历史数据已存在，跳过导入
2025-06-09 13:56:53,976 - INFO - 处理ETF基本信息文件: data/ETF_DATA_20250429.xlsx, 日期: 2025-04-29
2025-06-09 13:56:53,989 - INFO - 日期 2025-04-29 的ETF规模历史数据已存在，跳过导入
2025-06-09 13:56:53,989 - INFO - 处理ETF基本信息文件: data/ETF_DATA_20250430.xlsx, 日期: 2025-04-30
2025-06-09 13:56:54,001 - INFO - 日期 2025-04-30 的ETF规模历史数据已存在，跳过导入
2025-06-09 13:56:54,001 - INFO - 处理ETF基本信息文件: data/ETF_DATA_20250506.xlsx, 日期: 2025-05-06
2025-06-09 13:56:54,014 - INFO - 日期 2025-05-06 的ETF规模历史数据已存在，跳过导入
2025-06-09 13:56:54,014 - INFO - 处理ETF基本信息文件: data/ETF_DATA_20250507.xlsx, 日期: 2025-05-07
2025-06-09 13:56:54,026 - INFO - 日期 2025-05-07 的ETF规模历史数据已存在，跳过导入
2025-06-09 13:56:54,027 - INFO - 处理ETF基本信息文件: data/ETF_DATA_20250508.xlsx, 日期: 2025-05-08
2025-06-09 13:56:54,040 - INFO - 日期 2025-05-08 的ETF规模历史数据已存在，跳过导入
2025-06-09 13:56:54,040 - INFO - 处理ETF基本信息文件: data/ETF_DATA_20250509.xlsx, 日期: 2025-05-09
2025-06-09 13:56:54,052 - INFO - 日期 2025-05-09 的ETF规模历史数据已存在，跳过导入
2025-06-09 13:56:54,052 - INFO - 处理ETF基本信息文件: data/ETF_DATA_20250512.xlsx, 日期: 2025-05-12
2025-06-09 13:56:54,064 - INFO - 日期 2025-05-12 的ETF规模历史数据已存在，跳过导入
2025-06-09 13:56:54,065 - INFO - 处理ETF基本信息文件: data/ETF_DATA_20250513.xlsx, 日期: 2025-05-13
2025-06-09 13:56:54,077 - INFO - 日期 2025-05-13 的ETF规模历史数据已存在，跳过导入
2025-06-09 13:56:54,077 - INFO - 处理ETF基本信息文件: data/ETF_DATA_20250514.xlsx, 日期: 2025-05-14
2025-06-09 13:56:54,090 - INFO - 日期 2025-05-14 的ETF规模历史数据已存在，跳过导入
2025-06-09 13:56:54,090 - INFO - 处理ETF基本信息文件: data/ETF_DATA_20250515.xlsx, 日期: 2025-05-15
2025-06-09 13:56:54,102 - INFO - 日期 2025-05-15 的ETF规模历史数据已存在，跳过导入
2025-06-09 13:56:54,103 - INFO - 处理ETF基本信息文件: data/ETF_DATA_20250516.xlsx, 日期: 2025-05-16
2025-06-09 13:56:54,115 - INFO - 日期 2025-05-16 的ETF规模历史数据已存在，跳过导入
2025-06-09 13:56:54,116 - INFO - 处理ETF基本信息文件: data/ETF_DATA_20250519.xlsx, 日期: 2025-05-19
2025-06-09 13:56:54,128 - INFO - 日期 2025-05-19 的ETF规模历史数据已存在，跳过导入
2025-06-09 13:56:54,128 - INFO - 处理ETF基本信息文件: data/ETF_DATA_20250520.xlsx, 日期: 2025-05-20
2025-06-09 13:56:54,142 - INFO - 日期 2025-05-20 的ETF规模历史数据已存在，跳过导入
2025-06-09 13:56:54,142 - INFO - 处理ETF基本信息文件: data/ETF_DATA_20250521.xlsx, 日期: 2025-05-21
2025-06-09 13:56:54,155 - INFO - 日期 2025-05-21 的ETF规模历史数据已存在，跳过导入
2025-06-09 13:56:54,155 - INFO - 处理ETF基本信息文件: data/ETF_DATA_20250522.xlsx, 日期: 2025-05-22
2025-06-09 13:56:54,167 - INFO - 日期 2025-05-22 的ETF规模历史数据已存在，跳过导入
2025-06-09 13:56:54,167 - INFO - 处理ETF基本信息文件: data/ETF_DATA_20250523.xlsx, 日期: 2025-05-23
2025-06-09 13:56:54,180 - INFO - 日期 2025-05-23 的ETF规模历史数据已存在，跳过导入
2025-06-09 13:56:54,180 - INFO - 处理ETF基本信息文件: data/ETF_DATA_20250526.xlsx, 日期: 2025-05-26
2025-06-09 13:56:54,193 - INFO - 日期 2025-05-26 的ETF规模历史数据已存在，跳过导入
2025-06-09 13:56:54,193 - INFO - 处理ETF基本信息文件: data/ETF_DATA_20250527.xlsx, 日期: 2025-05-27
2025-06-09 13:56:54,206 - INFO - 日期 2025-05-27 的ETF规模历史数据已存在，跳过导入
2025-06-09 13:56:54,206 - INFO - 处理ETF基本信息文件: data/ETF_DATA_20250528.xlsx, 日期: 2025-05-28
2025-06-09 13:56:54,218 - INFO - 日期 2025-05-28 的ETF规模历史数据已存在，跳过导入
2025-06-09 13:56:54,218 - INFO - 处理ETF基本信息文件: data/ETF_DATA_20250529.xlsx, 日期: 2025-05-29
2025-06-09 13:56:54,230 - INFO - 日期 2025-05-29 的ETF规模历史数据已存在，跳过导入
2025-06-09 13:56:54,231 - INFO - 处理ETF基本信息文件: data/ETF_DATA_20250530.xlsx, 日期: 2025-05-30
2025-06-09 13:56:54,243 - INFO - 日期 2025-05-30 的ETF规模历史数据已存在，跳过导入
2025-06-09 13:56:54,243 - INFO - 处理ETF基本信息文件: data/ETF_DATA_20250603.xlsx, 日期: 2025-06-03
2025-06-09 13:56:54,256 - INFO - 日期 2025-06-03 的ETF规模历史数据已存在，跳过导入
2025-06-09 13:56:54,256 - INFO - 处理ETF基本信息文件: data/ETF_DATA_20250604.xlsx, 日期: 2025-06-04
2025-06-09 13:56:54,268 - INFO - 日期 2025-06-04 的ETF规模历史数据已存在，跳过导入
2025-06-09 13:56:54,268 - INFO - 处理ETF基本信息文件: data/ETF_DATA_20250605.xlsx, 日期: 2025-06-05
2025-06-09 13:56:54,280 - INFO - 日期 2025-06-05 的ETF规模历史数据已存在，跳过导入
2025-06-09 13:56:54,280 - INFO - 处理ETF基本信息文件: data/ETF_DATA_20250606.xlsx, 日期: 2025-06-06
2025-06-09 13:56:54,293 - INFO - 日期 2025-06-06 的ETF规模历史数据已存在，跳过导入
2025-06-09 13:56:54,293 - INFO - 处理ETF自选数据文件: data/客户ETF自选人数20250103.xlsx, 日期: 2025-01-03
2025-06-09 13:56:54,305 - INFO - 日期 2025-01-03 的ETF自选历史数据已存在，跳过导入
2025-06-09 13:56:54,305 - INFO - 处理ETF自选数据文件: data/客户ETF自选人数20250319.xlsx, 日期: 2025-03-19
2025-06-09 13:56:54,316 - INFO - 日期 2025-03-19 的ETF自选历史数据已存在，跳过导入
2025-06-09 13:56:54,316 - INFO - 处理ETF自选数据文件: data/客户ETF自选人数20250320.xlsx, 日期: 2025-03-20
2025-06-09 13:56:54,329 - INFO - 日期 2025-03-20 的ETF自选历史数据已存在，跳过导入
2025-06-09 13:56:54,329 - INFO - 处理ETF自选数据文件: data/客户ETF自选人数20250321.xlsx, 日期: 2025-03-21
2025-06-09 13:56:54,341 - INFO - 日期 2025-03-21 的ETF自选历史数据已存在，跳过导入
2025-06-09 13:56:54,341 - INFO - 处理ETF自选数据文件: data/客户ETF自选人数20250324.xlsx, 日期: 2025-03-24
2025-06-09 13:56:54,351 - INFO - 日期 2025-03-24 的ETF自选历史数据已存在，跳过导入
2025-06-09 13:56:54,351 - INFO - 处理ETF自选数据文件: data/客户ETF自选人数20250325.xlsx, 日期: 2025-03-25
2025-06-09 13:56:54,363 - INFO - 日期 2025-03-25 的ETF自选历史数据已存在，跳过导入
2025-06-09 13:56:54,363 - INFO - 处理ETF自选数据文件: data/客户ETF自选人数20250326.xlsx, 日期: 2025-03-26
2025-06-09 13:56:54,374 - INFO - 日期 2025-03-26 的ETF自选历史数据已存在，跳过导入
2025-06-09 13:56:54,374 - INFO - 处理ETF自选数据文件: data/客户ETF自选人数20250327.xlsx, 日期: 2025-03-27
2025-06-09 13:56:54,384 - INFO - 日期 2025-03-27 的ETF自选历史数据已存在，跳过导入
2025-06-09 13:56:54,384 - INFO - 处理ETF自选数据文件: data/客户ETF自选人数20250328.xlsx, 日期: 2025-03-28
2025-06-09 13:56:54,396 - INFO - 日期 2025-03-28 的ETF自选历史数据已存在，跳过导入
2025-06-09 13:56:54,397 - INFO - 处理ETF自选数据文件: data/客户ETF自选人数20250331.xlsx, 日期: 2025-03-31
2025-06-09 13:56:54,457 - INFO - 日期 2025-03-31 的ETF自选历史数据已存在，跳过导入
2025-06-09 13:56:54,457 - INFO - 处理ETF自选数据文件: data/客户ETF自选人数20250401.xlsx, 日期: 2025-04-01
2025-06-09 13:56:54,475 - INFO - 日期 2025-04-01 的ETF自选历史数据已存在，跳过导入
2025-06-09 13:56:54,475 - INFO - 处理ETF自选数据文件: data/客户ETF自选人数20250402.xlsx, 日期: 2025-04-02
2025-06-09 13:56:54,486 - INFO - 日期 2025-04-02 的ETF自选历史数据已存在，跳过导入
2025-06-09 13:56:54,487 - INFO - 处理ETF自选数据文件: data/客户ETF自选人数20250403.xlsx, 日期: 2025-04-03
2025-06-09 13:56:54,497 - INFO - 日期 2025-04-03 的ETF自选历史数据已存在，跳过导入
2025-06-09 13:56:54,497 - INFO - 处理ETF自选数据文件: data/客户ETF自选人数20250407.xlsx, 日期: 2025-04-07
2025-06-09 13:56:54,508 - INFO - 日期 2025-04-07 的ETF自选历史数据已存在，跳过导入
2025-06-09 13:56:54,509 - INFO - 处理ETF自选数据文件: data/客户ETF自选人数20250408.xlsx, 日期: 2025-04-08
2025-06-09 13:56:54,519 - INFO - 日期 2025-04-08 的ETF自选历史数据已存在，跳过导入
2025-06-09 13:56:54,519 - INFO - 处理ETF自选数据文件: data/客户ETF自选人数20250409.xlsx, 日期: 2025-04-09
2025-06-09 13:56:54,530 - INFO - 日期 2025-04-09 的ETF自选历史数据已存在，跳过导入
2025-06-09 13:56:54,530 - INFO - 处理ETF自选数据文件: data/客户ETF自选人数20250410.xlsx, 日期: 2025-04-10
2025-06-09 13:56:54,541 - INFO - 日期 2025-04-10 的ETF自选历史数据已存在，跳过导入
2025-06-09 13:56:54,541 - INFO - 处理ETF自选数据文件: data/客户ETF自选人数20250411.xlsx.bak, 日期: 2025-04-11
2025-06-09 13:56:54,552 - INFO - 日期 2025-04-11 的ETF自选历史数据已存在，跳过导入
2025-06-09 13:56:54,552 - INFO - 处理ETF自选数据文件: data/客户ETF自选人数20250411.xlsx, 日期: 2025-04-11
2025-06-09 13:56:54,563 - INFO - 日期 2025-04-11 的ETF自选历史数据已存在，跳过导入
2025-06-09 13:56:54,563 - INFO - 处理ETF自选数据文件: data/客户ETF自选人数20250414.xlsx, 日期: 2025-04-14
2025-06-09 13:56:54,574 - INFO - 日期 2025-04-14 的ETF自选历史数据已存在，跳过导入
2025-06-09 13:56:54,574 - INFO - 处理ETF自选数据文件: data/客户ETF自选人数20250415.xlsx, 日期: 2025-04-15
2025-06-09 13:56:54,585 - INFO - 日期 2025-04-15 的ETF自选历史数据已存在，跳过导入
2025-06-09 13:56:54,585 - INFO - 处理ETF自选数据文件: data/客户ETF自选人数20250416.xlsx, 日期: 2025-04-16
2025-06-09 13:56:54,596 - INFO - 日期 2025-04-16 的ETF自选历史数据已存在，跳过导入
2025-06-09 13:56:54,596 - INFO - 处理ETF自选数据文件: data/客户ETF自选人数20250417.xlsx, 日期: 2025-04-17
2025-06-09 13:56:54,607 - INFO - 日期 2025-04-17 的ETF自选历史数据已存在，跳过导入
2025-06-09 13:56:54,607 - INFO - 处理ETF自选数据文件: data/客户ETF自选人数20250418.xlsx, 日期: 2025-04-18
2025-06-09 13:56:54,618 - INFO - 日期 2025-04-18 的ETF自选历史数据已存在，跳过导入
2025-06-09 13:56:54,618 - INFO - 处理ETF自选数据文件: data/客户ETF自选人数20250421.xlsx, 日期: 2025-04-21
2025-06-09 13:56:54,629 - INFO - 日期 2025-04-21 的ETF自选历史数据已存在，跳过导入
2025-06-09 13:56:54,629 - INFO - 处理ETF自选数据文件: data/客户ETF自选人数20250422.xlsx, 日期: 2025-04-22
2025-06-09 13:56:54,640 - INFO - 日期 2025-04-22 的ETF自选历史数据已存在，跳过导入
2025-06-09 13:56:54,640 - INFO - 处理ETF自选数据文件: data/客户ETF自选人数20250423.xlsx, 日期: 2025-04-23
2025-06-09 13:56:54,650 - INFO - 日期 2025-04-23 的ETF自选历史数据已存在，跳过导入
2025-06-09 13:56:54,651 - INFO - 处理ETF自选数据文件: data/客户ETF自选人数20250424.xlsx, 日期: 2025-04-24
2025-06-09 13:56:54,662 - INFO - 日期 2025-04-24 的ETF自选历史数据已存在，跳过导入
2025-06-09 13:56:54,662 - INFO - 处理ETF自选数据文件: data/客户ETF自选人数20250425.xlsx, 日期: 2025-04-25
2025-06-09 13:56:54,673 - INFO - 日期 2025-04-25 的ETF自选历史数据已存在，跳过导入
2025-06-09 13:56:54,673 - INFO - 处理ETF自选数据文件: data/客户ETF自选人数20250428.xlsx, 日期: 2025-04-28
2025-06-09 13:56:54,683 - INFO - 日期 2025-04-28 的ETF自选历史数据已存在，跳过导入
2025-06-09 13:56:54,683 - INFO - 处理ETF自选数据文件: data/客户ETF自选人数20250429.xlsx, 日期: 2025-04-29
2025-06-09 13:56:54,694 - INFO - 日期 2025-04-29 的ETF自选历史数据已存在，跳过导入
2025-06-09 13:56:54,694 - INFO - 处理ETF自选数据文件: data/客户ETF自选人数 20250430.xlsx, 日期: 2025-04-30
2025-06-09 13:56:54,705 - INFO - 日期 2025-04-30 的ETF自选历史数据已存在，跳过导入
2025-06-09 13:56:54,705 - INFO - 处理ETF自选数据文件: data/客户ETF自选人数20250506.xlsx, 日期: 2025-05-06
2025-06-09 13:56:54,716 - INFO - 日期 2025-05-06 的ETF自选历史数据已存在，跳过导入
2025-06-09 13:56:54,716 - INFO - 处理ETF自选数据文件: data/客户ETF自选人数20250507.xlsx, 日期: 2025-05-07
2025-06-09 13:56:54,727 - INFO - 日期 2025-05-07 的ETF自选历史数据已存在，跳过导入
2025-06-09 13:56:54,727 - INFO - 处理ETF自选数据文件: data/客户ETF自选人数20250508.xlsx, 日期: 2025-05-08
2025-06-09 13:56:54,738 - INFO - 日期 2025-05-08 的ETF自选历史数据已存在，跳过导入
2025-06-09 13:56:54,738 - INFO - 处理ETF自选数据文件: data/客户ETF自选人数20250509.xlsx, 日期: 2025-05-09
2025-06-09 13:56:54,748 - INFO - 日期 2025-05-09 的ETF自选历史数据已存在，跳过导入
2025-06-09 13:56:54,748 - INFO - 处理ETF自选数据文件: data/客户ETF自选人数 20250512.xlsx, 日期: 2025-05-12
2025-06-09 13:56:54,759 - INFO - 日期 2025-05-12 的ETF自选历史数据已存在，跳过导入
2025-06-09 13:56:54,759 - INFO - 处理ETF自选数据文件: data/客户ETF自选人数20250513.xlsx, 日期: 2025-05-13
2025-06-09 13:56:54,770 - INFO - 日期 2025-05-13 的ETF自选历史数据已存在，跳过导入
2025-06-09 13:56:54,770 - INFO - 处理ETF自选数据文件: data/客户ETF自选人数20250514.xlsx, 日期: 2025-05-14
2025-06-09 13:56:54,781 - INFO - 日期 2025-05-14 的ETF自选历史数据已存在，跳过导入
2025-06-09 13:56:54,781 - INFO - 处理ETF自选数据文件: data/客户ETF自选人数20250515.xlsx, 日期: 2025-05-15
2025-06-09 13:56:54,792 - INFO - 日期 2025-05-15 的ETF自选历史数据已存在，跳过导入
2025-06-09 13:56:54,792 - INFO - 处理ETF自选数据文件: data/客户ETF自选人数20250516.xlsx, 日期: 2025-05-16
2025-06-09 13:56:54,803 - INFO - 日期 2025-05-16 的ETF自选历史数据已存在，跳过导入
2025-06-09 13:56:54,803 - INFO - 处理ETF自选数据文件: data/客户ETF自选人数20250519.xlsx, 日期: 2025-05-19
2025-06-09 13:56:54,814 - INFO - 日期 2025-05-19 的ETF自选历史数据已存在，跳过导入
2025-06-09 13:56:54,814 - INFO - 处理ETF自选数据文件: data/客户ETF自选人数20250520.xlsx, 日期: 2025-05-20
2025-06-09 13:56:54,825 - INFO - 日期 2025-05-20 的ETF自选历史数据已存在，跳过导入
2025-06-09 13:56:54,825 - INFO - 处理ETF自选数据文件: data/客户ETF自选人数20250521.xlsx, 日期: 2025-05-21
2025-06-09 13:56:54,835 - INFO - 日期 2025-05-21 的ETF自选历史数据已存在，跳过导入
2025-06-09 13:56:54,835 - INFO - 处理ETF自选数据文件: data/客户ETF自选人数20250522.xlsx, 日期: 2025-05-22
2025-06-09 13:56:54,846 - INFO - 日期 2025-05-22 的ETF自选历史数据已存在，跳过导入
2025-06-09 13:56:54,846 - INFO - 处理ETF自选数据文件: data/客户ETF自选人数20250523.xlsx, 日期: 2025-05-23
2025-06-09 13:56:54,857 - INFO - 日期 2025-05-23 的ETF自选历史数据已存在，跳过导入
2025-06-09 13:56:54,858 - INFO - 处理ETF自选数据文件: data/客户ETF自选人数20250526.xlsx, 日期: 2025-05-26
2025-06-09 13:56:54,868 - INFO - 日期 2025-05-26 的ETF自选历史数据已存在，跳过导入
2025-06-09 13:56:54,868 - INFO - 处理ETF自选数据文件: data/客户ETF自选人数20250527.xlsx, 日期: 2025-05-27
2025-06-09 13:56:54,925 - INFO - 文件中的工作表: ['客户ETF自选人数', '仪表板']
2025-06-09 13:56:54,935 - INFO - 原始列名: ['数据截止日期']
2025-06-09 13:56:54,935 - INFO - 数据形状: (0, 1)
2025-06-09 13:56:54,936 - INFO - 数据前5行:
Empty DataFrame
Columns: [数据截止日期]
Index: []
2025-06-09 13:56:54,937 - WARNING - 标准读取方式返回空数据或只有单列，尝试读取所有单元格...
2025-06-09 13:56:55,010 - INFO - 尝试读取工作表: 客户ETF自选人数
2025-06-09 13:56:55,013 - INFO - 找到的标题行: ('数据截止日期', '标的代码', '加自选人数')
2025-06-09 13:56:55,015 - INFO - 成功读取数据，形状: (1155, 3)
2025-06-09 13:56:55,015 - INFO - 标准化后列名: ['数据截止日期', '标的代码', '加自选人数']
2025-06-09 13:56:55,015 - INFO - 找到的代码列: ['标的代码']
2025-06-09 13:56:55,016 - INFO - 找到的自选列: ['加自选人数']
2025-06-09 13:56:55,020 - INFO - 处理后列名: ['数据截止日期', 'code', 'attention_count', 'date']
2025-06-09 13:56:55,024 - INFO - 处理后数据前5行:
     数据截止日期    code  attention_count        date
0  20250527  159001              100  2025-05-27
1      None  159003               98  2025-05-27
2      None  159005               46  2025-05-27
3      None  159150              243  2025-05-27
4      None  159201              953  2025-05-27
2025-06-09 13:56:55,104 - INFO - 成功导入 1155 条 2025-05-27 的ETF自选历史数据
2025-06-09 13:56:55,104 - INFO - 处理ETF自选数据文件: data/客户ETF自选人数20250528.xlsx, 日期: 2025-05-28
2025-06-09 13:56:55,144 - INFO - 文件中的工作表: ['客户ETF自选人数', '仪表板']
2025-06-09 13:56:55,154 - INFO - 原始列名: ['数据截止日期']
2025-06-09 13:56:55,154 - INFO - 数据形状: (0, 1)
2025-06-09 13:56:55,155 - INFO - 数据前5行:
Empty DataFrame
Columns: [数据截止日期]
Index: []
2025-06-09 13:56:55,155 - WARNING - 标准读取方式返回空数据或只有单列，尝试读取所有单元格...
2025-06-09 13:56:55,218 - INFO - 尝试读取工作表: 客户ETF自选人数
2025-06-09 13:56:55,222 - INFO - 找到的标题行: ('数据截止日期', '标的代码', '加自选人数')
2025-06-09 13:56:55,223 - INFO - 成功读取数据，形状: (1156, 3)
2025-06-09 13:56:55,223 - INFO - 标准化后列名: ['数据截止日期', '标的代码', '加自选人数']
2025-06-09 13:56:55,223 - INFO - 找到的代码列: ['标的代码']
2025-06-09 13:56:55,223 - INFO - 找到的自选列: ['加自选人数']
2025-06-09 13:56:55,225 - INFO - 处理后列名: ['数据截止日期', 'code', 'attention_count', 'date']
2025-06-09 13:56:55,228 - INFO - 处理后数据前5行:
     数据截止日期    code  attention_count        date
0  20250528  159001              101  2025-05-28
1      None  159003               99  2025-05-28
2      None  159005               47  2025-05-28
3      None  159150              243  2025-05-28
4      None  159201              953  2025-05-28
2025-06-09 13:56:55,306 - INFO - 成功导入 1156 条 2025-05-28 的ETF自选历史数据
2025-06-09 13:56:55,306 - INFO - 处理ETF自选数据文件: data/客户ETF自选人数20250529.xlsx, 日期: 2025-05-29
2025-06-09 13:56:55,348 - INFO - 文件中的工作表: ['客户ETF自选人数', '仪表板']
2025-06-09 13:56:55,358 - INFO - 原始列名: ['数据截止日期']
2025-06-09 13:56:55,358 - INFO - 数据形状: (0, 1)
2025-06-09 13:56:55,359 - INFO - 数据前5行:
Empty DataFrame
Columns: [数据截止日期]
Index: []
2025-06-09 13:56:55,359 - WARNING - 标准读取方式返回空数据或只有单列，尝试读取所有单元格...
2025-06-09 13:56:55,423 - INFO - 尝试读取工作表: 客户ETF自选人数
2025-06-09 13:56:55,427 - INFO - 找到的标题行: ('数据截止日期', '标的代码', '加自选人数')
2025-06-09 13:56:55,427 - INFO - 成功读取数据，形状: (1159, 3)
2025-06-09 13:56:55,428 - INFO - 标准化后列名: ['数据截止日期', '标的代码', '加自选人数']
2025-06-09 13:56:55,428 - INFO - 找到的代码列: ['标的代码']
2025-06-09 13:56:55,428 - INFO - 找到的自选列: ['加自选人数']
2025-06-09 13:56:55,430 - INFO - 处理后列名: ['数据截止日期', 'code', 'attention_count', 'date']
2025-06-09 13:56:55,433 - INFO - 处理后数据前5行:
     数据截止日期    code  attention_count        date
0  20250529  159001              101  2025-05-29
1      None  159003               99  2025-05-29
2      None  159005               47  2025-05-29
3      None  159150              243  2025-05-29
4      None  159201              955  2025-05-29
2025-06-09 13:56:55,516 - INFO - 成功导入 1159 条 2025-05-29 的ETF自选历史数据
2025-06-09 13:56:55,516 - INFO - 处理ETF自选数据文件: data/客户ETF自选人数20250530.xlsx, 日期: 2025-05-30
2025-06-09 13:56:55,528 - INFO - 日期 2025-05-30 的ETF自选历史数据已存在，跳过导入
2025-06-09 13:56:55,528 - INFO - 处理ETF自选数据文件: data/客户ETF自选人数20250603.xlsx, 日期: 2025-06-03
2025-06-09 13:56:55,540 - INFO - 日期 2025-06-03 的ETF自选历史数据已存在，跳过导入
2025-06-09 13:56:55,541 - INFO - 处理ETF自选数据文件: data/客户ETF自选人数20250604.xlsx, 日期: 2025-06-04
2025-06-09 13:56:55,552 - INFO - 日期 2025-06-04 的ETF自选历史数据已存在，跳过导入
2025-06-09 13:56:55,552 - INFO - 处理ETF自选数据文件: data/客户ETF自选人数20250605.xlsx, 日期: 2025-06-05
2025-06-09 13:56:55,563 - INFO - 日期 2025-06-05 的ETF自选历史数据已存在，跳过导入
2025-06-09 13:56:55,564 - INFO - 处理ETF自选数据文件: data/客户ETF自选人数20250606.xlsx, 日期: 2025-06-06
2025-06-09 13:56:55,575 - INFO - 日期 2025-06-06 的ETF自选历史数据已存在，跳过导入
2025-06-09 13:56:55,575 - INFO - 处理ETF持有人数据文件: data/客户ETF保有量20250103.xlsx, 日期: 2025-01-03
2025-06-09 13:56:55,587 - INFO - 日期 2025-01-03 的ETF持有人历史数据已存在，跳过导入
2025-06-09 13:56:55,587 - INFO - 处理ETF持有人数据文件: data/客户ETF保有量20250319.xlsx, 日期: 2025-03-19
2025-06-09 13:56:55,597 - INFO - 日期 2025-03-19 的ETF持有人历史数据已存在，跳过导入
2025-06-09 13:56:55,597 - INFO - 处理ETF持有人数据文件: data/客户ETF保有量20250320.xlsx, 日期: 2025-03-20
2025-06-09 13:56:55,608 - INFO - 日期 2025-03-20 的ETF持有人历史数据已存在，跳过导入
2025-06-09 13:56:55,608 - INFO - 处理ETF持有人数据文件: data/客户ETF保有量20250321.xlsx, 日期: 2025-03-21
2025-06-09 13:56:55,619 - INFO - 日期 2025-03-21 的ETF持有人历史数据已存在，跳过导入
2025-06-09 13:56:55,619 - INFO - 处理ETF持有人数据文件: data/客户ETF保有量20250324.xlsx, 日期: 2025-03-24
2025-06-09 13:56:55,631 - INFO - 日期 2025-03-24 的ETF持有人历史数据已存在，跳过导入
2025-06-09 13:56:55,631 - INFO - 处理ETF持有人数据文件: data/客户ETF保有量20250325.xlsx, 日期: 2025-03-25
2025-06-09 13:56:55,642 - INFO - 日期 2025-03-25 的ETF持有人历史数据已存在，跳过导入
2025-06-09 13:56:55,642 - INFO - 处理ETF持有人数据文件: data/客户ETF保有量20250326.xlsx, 日期: 2025-03-26
2025-06-09 13:56:55,652 - INFO - 日期 2025-03-26 的ETF持有人历史数据已存在，跳过导入
2025-06-09 13:56:55,652 - INFO - 处理ETF持有人数据文件: data/客户ETF保有量20250327.xlsx, 日期: 2025-03-27
2025-06-09 13:56:55,663 - INFO - 日期 2025-03-27 的ETF持有人历史数据已存在，跳过导入
2025-06-09 13:56:55,663 - INFO - 处理ETF持有人数据文件: data/客户ETF保有量20250328.xlsx, 日期: 2025-03-28
2025-06-09 13:56:55,674 - INFO - 日期 2025-03-28 的ETF持有人历史数据已存在，跳过导入
2025-06-09 13:56:55,674 - INFO - 处理ETF持有人数据文件: data/客户ETF保有量20250331.xlsx, 日期: 2025-03-31
2025-06-09 13:56:55,684 - INFO - 日期 2025-03-31 的ETF持有人历史数据已存在，跳过导入
2025-06-09 13:56:55,684 - INFO - 处理ETF持有人数据文件: data/客户ETF保有量20250401.xlsx, 日期: 2025-04-01
2025-06-09 13:56:55,695 - INFO - 日期 2025-04-01 的ETF持有人历史数据已存在，跳过导入
2025-06-09 13:56:55,695 - INFO - 处理ETF持有人数据文件: data/客户ETF保有量20250402.xlsx, 日期: 2025-04-02
2025-06-09 13:56:55,706 - INFO - 日期 2025-04-02 的ETF持有人历史数据已存在，跳过导入
2025-06-09 13:56:55,706 - INFO - 处理ETF持有人数据文件: data/客户ETF保有量20250403.xlsx, 日期: 2025-04-03
2025-06-09 13:56:55,716 - INFO - 日期 2025-04-03 的ETF持有人历史数据已存在，跳过导入
2025-06-09 13:56:55,717 - INFO - 处理ETF持有人数据文件: data/客户ETF保有量20250407.xlsx, 日期: 2025-04-07
2025-06-09 13:56:55,728 - INFO - 日期 2025-04-07 的ETF持有人历史数据已存在，跳过导入
2025-06-09 13:56:55,728 - INFO - 处理ETF持有人数据文件: data/客户ETF保有量20250408.xlsx, 日期: 2025-04-08
2025-06-09 13:56:55,739 - INFO - 日期 2025-04-08 的ETF持有人历史数据已存在，跳过导入
2025-06-09 13:56:55,739 - INFO - 处理ETF持有人数据文件: data/客户ETF保有量20250409.xlsx, 日期: 2025-04-09
2025-06-09 13:56:55,750 - INFO - 日期 2025-04-09 的ETF持有人历史数据已存在，跳过导入
2025-06-09 13:56:55,750 - INFO - 处理ETF持有人数据文件: data/客户ETF保有量20250410.xlsx, 日期: 2025-04-10
2025-06-09 13:56:55,761 - INFO - 日期 2025-04-10 的ETF持有人历史数据已存在，跳过导入
2025-06-09 13:56:55,761 - INFO - 处理ETF持有人数据文件: data/客户ETF保有量20250411.xlsx, 日期: 2025-04-11
2025-06-09 13:56:55,772 - INFO - 日期 2025-04-11 的ETF持有人历史数据已存在，跳过导入
2025-06-09 13:56:55,773 - INFO - 处理ETF持有人数据文件: data/客户ETF保有量20250414.xlsx, 日期: 2025-04-14
2025-06-09 13:56:55,783 - INFO - 日期 2025-04-14 的ETF持有人历史数据已存在，跳过导入
2025-06-09 13:56:55,783 - INFO - 处理ETF持有人数据文件: data/客户ETF保有量20250415.xlsx, 日期: 2025-04-15
2025-06-09 13:56:55,794 - INFO - 日期 2025-04-15 的ETF持有人历史数据已存在，跳过导入
2025-06-09 13:56:55,794 - INFO - 处理ETF持有人数据文件: data/客户ETF保有量20250416.xlsx, 日期: 2025-04-16
2025-06-09 13:56:55,805 - INFO - 日期 2025-04-16 的ETF持有人历史数据已存在，跳过导入
2025-06-09 13:56:55,805 - INFO - 处理ETF持有人数据文件: data/客户ETF保有量20250417.xlsx, 日期: 2025-04-17
2025-06-09 13:56:55,816 - INFO - 日期 2025-04-17 的ETF持有人历史数据已存在，跳过导入
2025-06-09 13:56:55,816 - INFO - 处理ETF持有人数据文件: data/客户ETF保有量20250418.xlsx, 日期: 2025-04-18
2025-06-09 13:56:55,827 - INFO - 日期 2025-04-18 的ETF持有人历史数据已存在，跳过导入
2025-06-09 13:56:55,828 - INFO - 处理ETF持有人数据文件: data/客户ETF保有量20250421.xlsx, 日期: 2025-04-21
2025-06-09 13:56:55,840 - INFO - 日期 2025-04-21 的ETF持有人历史数据已存在，跳过导入
2025-06-09 13:56:55,840 - INFO - 处理ETF持有人数据文件: data/客户ETF保有量20250422.xlsx, 日期: 2025-04-22
2025-06-09 13:56:55,851 - INFO - 日期 2025-04-22 的ETF持有人历史数据已存在，跳过导入
2025-06-09 13:56:55,851 - INFO - 处理ETF持有人数据文件: data/客户ETF保有量20250423.xlsx, 日期: 2025-04-23
2025-06-09 13:56:55,862 - INFO - 日期 2025-04-23 的ETF持有人历史数据已存在，跳过导入
2025-06-09 13:56:55,862 - INFO - 处理ETF持有人数据文件: data/客户ETF保有量20250424.xlsx, 日期: 2025-04-24
2025-06-09 13:56:55,873 - INFO - 日期 2025-04-24 的ETF持有人历史数据已存在，跳过导入
2025-06-09 13:56:55,873 - INFO - 处理ETF持有人数据文件: data/客户ETF保有量20250425.xlsx, 日期: 2025-04-25
2025-06-09 13:56:55,883 - INFO - 日期 2025-04-25 的ETF持有人历史数据已存在，跳过导入
2025-06-09 13:56:55,883 - INFO - 处理ETF持有人数据文件: data/客户ETF保有量20250428.xlsx, 日期: 2025-04-28
2025-06-09 13:56:55,894 - INFO - 日期 2025-04-28 的ETF持有人历史数据已存在，跳过导入
2025-06-09 13:56:55,894 - INFO - 处理ETF持有人数据文件: data/客户ETF保有量20250429.xlsx, 日期: 2025-04-29
2025-06-09 13:56:55,905 - INFO - 日期 2025-04-29 的ETF持有人历史数据已存在，跳过导入
2025-06-09 13:56:55,905 - INFO - 处理ETF持有人数据文件: data/客户ETF保有量20250430.xlsx, 日期: 2025-04-30
2025-06-09 13:56:55,916 - INFO - 日期 2025-04-30 的ETF持有人历史数据已存在，跳过导入
2025-06-09 13:56:55,916 - INFO - 处理ETF持有人数据文件: data/客户ETF保有量20250506.xlsx, 日期: 2025-05-06
2025-06-09 13:56:55,927 - INFO - 日期 2025-05-06 的ETF持有人历史数据已存在，跳过导入
2025-06-09 13:56:55,927 - INFO - 处理ETF持有人数据文件: data/客户ETF保有量20250507.xlsx, 日期: 2025-05-07
2025-06-09 13:56:55,939 - INFO - 日期 2025-05-07 的ETF持有人历史数据已存在，跳过导入
2025-06-09 13:56:55,939 - INFO - 处理ETF持有人数据文件: data/客户ETF保有量20250508.xlsx, 日期: 2025-05-08
2025-06-09 13:56:55,949 - INFO - 日期 2025-05-08 的ETF持有人历史数据已存在，跳过导入
2025-06-09 13:56:55,949 - INFO - 处理ETF持有人数据文件: data/客户ETF保有量20250509.xlsx, 日期: 2025-05-09
2025-06-09 13:56:55,960 - INFO - 日期 2025-05-09 的ETF持有人历史数据已存在，跳过导入
2025-06-09 13:56:55,961 - INFO - 处理ETF持有人数据文件: data/客户ETF保有量20250512.xlsx, 日期: 2025-05-12
2025-06-09 13:56:55,972 - INFO - 日期 2025-05-12 的ETF持有人历史数据已存在，跳过导入
2025-06-09 13:56:55,972 - INFO - 处理ETF持有人数据文件: data/客户ETF保有量20250513.xlsx, 日期: 2025-05-13
2025-06-09 13:56:55,983 - INFO - 日期 2025-05-13 的ETF持有人历史数据已存在，跳过导入
2025-06-09 13:56:55,983 - INFO - 处理ETF持有人数据文件: data/客户ETF保有量20250514.xlsx, 日期: 2025-05-14
2025-06-09 13:56:55,994 - INFO - 日期 2025-05-14 的ETF持有人历史数据已存在，跳过导入
2025-06-09 13:56:55,994 - INFO - 处理ETF持有人数据文件: data/客户ETF保有量20250515.xlsx, 日期: 2025-05-15
2025-06-09 13:56:56,005 - INFO - 日期 2025-05-15 的ETF持有人历史数据已存在，跳过导入
2025-06-09 13:56:56,006 - INFO - 处理ETF持有人数据文件: data/客户ETF保有量20250516.xlsx, 日期: 2025-05-16
2025-06-09 13:56:56,016 - INFO - 日期 2025-05-16 的ETF持有人历史数据已存在，跳过导入
2025-06-09 13:56:56,016 - INFO - 处理ETF持有人数据文件: data/客户ETF保有量20250519.xlsx, 日期: 2025-05-19
2025-06-09 13:56:56,027 - INFO - 日期 2025-05-19 的ETF持有人历史数据已存在，跳过导入
2025-06-09 13:56:56,027 - INFO - 处理ETF持有人数据文件: data/客户ETF保有量20250520.xlsx, 日期: 2025-05-20
2025-06-09 13:56:56,038 - INFO - 日期 2025-05-20 的ETF持有人历史数据已存在，跳过导入
2025-06-09 13:56:56,038 - INFO - 处理ETF持有人数据文件: data/客户ETF保有量20250521.xlsx, 日期: 2025-05-21
2025-06-09 13:56:56,049 - INFO - 日期 2025-05-21 的ETF持有人历史数据已存在，跳过导入
2025-06-09 13:56:56,049 - INFO - 处理ETF持有人数据文件: data/客户ETF保有量20250522.xlsx, 日期: 2025-05-22
2025-06-09 13:56:56,060 - INFO - 日期 2025-05-22 的ETF持有人历史数据已存在，跳过导入
2025-06-09 13:56:56,060 - INFO - 处理ETF持有人数据文件: data/客户ETF保有量20250523.xlsx, 日期: 2025-05-23
2025-06-09 13:56:56,071 - INFO - 日期 2025-05-23 的ETF持有人历史数据已存在，跳过导入
2025-06-09 13:56:56,071 - INFO - 处理ETF持有人数据文件: data/客户ETF保有量20250526.xlsx, 日期: 2025-05-26
2025-06-09 13:56:56,081 - INFO - 日期 2025-05-26 的ETF持有人历史数据已存在，跳过导入
2025-06-09 13:56:56,081 - INFO - 处理ETF持有人数据文件: data/客户ETF保有量20250527.xlsx, 日期: 2025-05-27
2025-06-09 13:56:56,148 - INFO - 文件中的工作表: ['客户ETF保有量', '仪表板']
2025-06-09 13:56:56,158 - INFO - 原始列名: ['数据截止日期']
2025-06-09 13:56:56,158 - INFO - 数据形状: (0, 1)
2025-06-09 13:56:56,159 - INFO - 数据前5行:
Empty DataFrame
Columns: [数据截止日期]
Index: []
2025-06-09 13:56:56,159 - WARNING - 标准读取方式返回空数据或只有单列，尝试读取所有单元格...
2025-06-09 13:56:56,285 - INFO - 尝试读取工作表: 客户ETF保有量
2025-06-09 13:56:56,292 - INFO - 找到的标题行: ('数据截止日期', '标的代码', '标的名称', '持仓份额', '持仓客户数', '持仓市值')
2025-06-09 13:56:56,293 - INFO - 成功读取数据，形状: (1140, 6)
2025-06-09 13:56:56,295 - INFO - 处理后列名: ['数据截止日期', 'code', '标的名称', 'holding_amount', 'holder_count', 'holding_value', 'date']
2025-06-09 13:56:56,301 - INFO - 处理后数据前5行:
     数据截止日期    code        标的名称  holding_amount  holder_count  holding_value        date
0  20250527  159001       货币ETF         98804.0            13   9.880400e+06  2025-05-27
1      None  159003     招商快线ETF         10753.0             4   1.075289e+06  2025-05-27
2      None  159005    汇添富快钱ETF          1300.0            12   1.299987e+05  2025-05-27
3      None  159150  深证50ETF易方达       1664460.0            38   1.897484e+06  2025-05-27
4      None  159201    自由现金流ETF      21175603.0           532   2.081562e+07  2025-05-27
2025-06-09 13:56:56,385 - INFO - 成功导入 1140 条 2025-05-27 的ETF持有人历史数据
2025-06-09 13:56:56,385 - INFO - 处理ETF持有人数据文件: data/客户ETF保有量20250528.xlsx, 日期: 2025-05-28
2025-06-09 13:56:56,454 - INFO - 文件中的工作表: ['客户ETF保有量', '仪表板']
2025-06-09 13:56:56,462 - INFO - 原始列名: ['数据截止日期']
2025-06-09 13:56:56,463 - INFO - 数据形状: (0, 1)
2025-06-09 13:56:56,463 - INFO - 数据前5行:
Empty DataFrame
Columns: [数据截止日期]
Index: []
2025-06-09 13:56:56,463 - WARNING - 标准读取方式返回空数据或只有单列，尝试读取所有单元格...
2025-06-09 13:56:56,569 - INFO - 尝试读取工作表: 客户ETF保有量
2025-06-09 13:56:56,575 - INFO - 找到的标题行: ('数据截止日期', '标的代码', '标的名称', '持仓份额', '持仓客户数', '持仓市值')
2025-06-09 13:56:56,577 - INFO - 成功读取数据，形状: (1140, 6)
2025-06-09 13:56:56,578 - INFO - 处理后列名: ['数据截止日期', 'code', '标的名称', 'holding_amount', 'holder_count', 'holding_value', 'date']
2025-06-09 13:56:56,584 - INFO - 处理后数据前5行:
     数据截止日期    code        标的名称  holding_amount  holder_count  holding_value        date
0  20250528  159001       货币ETF         99104.0            13   9.910400e+06  2025-05-28
1      None  159003     招商快线ETF         10753.0             4   1.075289e+06  2025-05-28
2      None  159005    汇添富快钱ETF          1300.0            12   1.299987e+05  2025-05-28
3      None  159150  深证50ETF易方达       1664460.0            38   1.895820e+06  2025-05-28
4      None  159201    自由现金流ETF      21545703.0           533   2.126561e+07  2025-05-28
2025-06-09 13:56:56,671 - INFO - 成功导入 1140 条 2025-05-28 的ETF持有人历史数据
2025-06-09 13:56:56,671 - INFO - 处理ETF持有人数据文件: data/客户ETF保有量20250529.xlsx, 日期: 2025-05-29
2025-06-09 13:56:56,739 - INFO - 文件中的工作表: ['客户ETF保有量', '仪表板']
2025-06-09 13:56:56,748 - INFO - 原始列名: ['数据截止日期']
2025-06-09 13:56:56,748 - INFO - 数据形状: (0, 1)
2025-06-09 13:56:56,748 - INFO - 数据前5行:
Empty DataFrame
Columns: [数据截止日期]
Index: []
2025-06-09 13:56:56,748 - WARNING - 标准读取方式返回空数据或只有单列，尝试读取所有单元格...
2025-06-09 13:56:57,038 - INFO - 尝试读取工作表: 客户ETF保有量
2025-06-09 13:56:57,044 - INFO - 找到的标题行: ('数据截止日期', '标的代码', '标的名称', '持仓份额', '持仓客户数', '持仓市值')
2025-06-09 13:56:57,046 - INFO - 成功读取数据，形状: (1138, 6)
2025-06-09 13:56:57,048 - INFO - 处理后列名: ['数据截止日期', 'code', '标的名称', 'holding_amount', 'holder_count', 'holding_value', 'date']
2025-06-09 13:56:57,055 - INFO - 处理后数据前5行:
     数据截止日期    code        标的名称  holding_amount  holder_count  holding_value        date
0  20250529  159001       货币ETF        132704.0            13   1.327053e+07  2025-05-29
1      None  159003     招商快线ETF         10753.0             4   1.075289e+06  2025-05-29
2      None  159005    汇添富快钱ETF          1300.0            12   1.299987e+05  2025-05-29
3      None  159150  深证50ETF易方达       1663160.0            38   1.907645e+06  2025-05-29
4      None  159201    自由现金流ETF      21576789.0           527   2.142575e+07  2025-05-29
2025-06-09 13:56:57,144 - INFO - 成功导入 1138 条 2025-05-29 的ETF持有人历史数据
2025-06-09 13:56:57,145 - INFO - 处理ETF持有人数据文件: data/客户ETF保有量20250530.xlsx, 日期: 2025-05-30
2025-06-09 13:56:57,156 - INFO - 日期 2025-05-30 的ETF持有人历史数据已存在，跳过导入
2025-06-09 13:56:57,156 - INFO - 处理ETF持有人数据文件: data/客户ETF保有量20250603.xlsx, 日期: 2025-06-03
2025-06-09 13:56:57,167 - INFO - 日期 2025-06-03 的ETF持有人历史数据已存在，跳过导入
2025-06-09 13:56:57,167 - INFO - 处理ETF持有人数据文件: data/客户ETF保有量20250604.xlsx, 日期: 2025-06-04
2025-06-09 13:56:57,179 - INFO - 日期 2025-06-04 的ETF持有人历史数据已存在，跳过导入
2025-06-09 13:56:57,179 - INFO - 处理ETF持有人数据文件: data/客户ETF保有量20250605.xlsx, 日期: 2025-06-05
2025-06-09 13:56:57,191 - INFO - 日期 2025-06-05 的ETF持有人历史数据已存在，跳过导入
2025-06-09 13:56:57,191 - INFO - 处理ETF持有人数据文件: data/客户ETF保有量20250606.xlsx, 日期: 2025-06-06
2025-06-09 13:56:57,201 - INFO - 日期 2025-06-06 的ETF持有人历史数据已存在，跳过导入
2025-06-09 13:56:57,238 - INFO - 
ETF规模历史数据日期统计:
2025-06-09 13:56:57,239 - INFO -   - 2025-01-03: 1107条记录
2025-06-09 13:56:57,239 - INFO -   - 2025-02-14: 1076条记录
2025-06-09 13:56:57,239 - INFO -   - 2025-02-28: 1092条记录
2025-06-09 13:56:57,239 - INFO -   - 2025-03-07: 1097条记录
2025-06-09 13:56:57,239 - INFO -   - 2025-03-14: 1100条记录
2025-06-09 13:56:57,239 - INFO -   - 2025-03-21: 1077条记录
2025-06-09 13:56:57,239 - INFO -   - 2025-03-25: 1107条记录
2025-06-09 13:56:57,239 - INFO -   - 2025-03-26: 1107条记录
2025-06-09 13:56:57,239 - INFO -   - 2025-03-27: 1108条记录
2025-06-09 13:56:57,239 - INFO -   - 2025-03-28: 1111条记录
2025-06-09 13:56:57,239 - INFO -   - 2025-03-31: 1113条记录
2025-06-09 13:56:57,239 - INFO -   - 2025-04-01: 1077条记录
2025-06-09 13:56:57,239 - INFO -   - 2025-04-02: 1077条记录
2025-06-09 13:56:57,239 - INFO -   - 2025-04-03: 1121条记录
2025-06-09 13:56:57,239 - INFO -   - 2025-04-07: 1121条记录
2025-06-09 13:56:57,239 - INFO -   - 2025-04-08: 1122条记录
2025-06-09 13:56:57,239 - INFO -   - 2025-04-09: 1126条记录
2025-06-09 13:56:57,239 - INFO -   - 2025-04-10: 1126条记录
2025-06-09 13:56:57,239 - INFO -   - 2025-04-11: 1130条记录
2025-06-09 13:56:57,239 - INFO -   - 2025-04-14: 1133条记录
2025-06-09 13:56:57,239 - INFO -   - 2025-04-15: 1134条记录
2025-06-09 13:56:57,239 - INFO -   - 2025-04-16: 1135条记录
2025-06-09 13:56:57,239 - INFO -   - 2025-04-17: 1135条记录
2025-06-09 13:56:57,239 - INFO -   - 2025-04-18: 1137条记录
2025-06-09 13:56:57,239 - INFO -   - 2025-04-21: 1137条记录
2025-06-09 13:56:57,239 - INFO -   - 2025-04-22: 1137条记录
2025-06-09 13:56:57,240 - INFO -   - 2025-04-23: 1139条记录
2025-06-09 13:56:57,240 - INFO -   - 2025-04-24: 1145条记录
2025-06-09 13:56:57,240 - INFO -   - 2025-04-25: 1145条记录
2025-06-09 13:56:57,240 - INFO -   - 2025-04-28: 1146条记录
2025-06-09 13:56:57,240 - INFO -   - 2025-04-29: 1146条记录
2025-06-09 13:56:57,240 - INFO -   - 2025-04-30: 1120条记录
2025-06-09 13:56:57,240 - INFO -   - 2025-05-06: 1148条记录
2025-06-09 13:56:57,240 - INFO -   - 2025-05-07: 1151条记录
2025-06-09 13:56:57,240 - INFO -   - 2025-05-08: 1154条记录
2025-06-09 13:56:57,240 - INFO -   - 2025-05-09: 1155条记录
2025-06-09 13:56:57,240 - INFO -   - 2025-05-12: 1157条记录
2025-06-09 13:56:57,240 - INFO -   - 2025-05-13: 1161条记录
2025-06-09 13:56:57,240 - INFO -   - 2025-05-14: 1162条记录
2025-06-09 13:56:57,240 - INFO -   - 2025-05-15: 1162条记录
2025-06-09 13:56:57,240 - INFO -   - 2025-05-16: 1162条记录
2025-06-09 13:56:57,240 - INFO -   - 2025-05-19: 1164条记录
2025-06-09 13:56:57,240 - INFO -   - 2025-05-20: 1164条记录
2025-06-09 13:56:57,240 - INFO -   - 2025-05-21: 1164条记录
2025-06-09 13:56:57,240 - INFO -   - 2025-05-22: 1164条记录
2025-06-09 13:56:57,240 - INFO -   - 2025-05-23: 1168条记录
2025-06-09 13:56:57,240 - INFO -   - 2025-05-26: 1168条记录
2025-06-09 13:56:57,240 - INFO -   - 2025-05-27: 1174条记录
2025-06-09 13:56:57,240 - INFO -   - 2025-05-28: 1174条记录
2025-06-09 13:56:57,240 - INFO -   - 2025-05-29: 1177条记录
2025-06-09 13:56:57,240 - INFO -   - 2025-05-30: 1178条记录
2025-06-09 13:56:57,241 - INFO -   - 2025-06-03: 1179条记录
2025-06-09 13:56:57,241 - INFO -   - 2025-06-04: 1184条记录
2025-06-09 13:56:57,241 - INFO -   - 2025-06-05: 1184条记录
2025-06-09 13:56:57,241 - INFO -   - 2025-06-06: 1184条记录
2025-06-09 13:56:57,273 - INFO - 
ETF自选历史数据日期统计:
2025-06-09 13:56:57,273 - INFO -   - 2025-01-03: 1029条记录
2025-06-09 13:56:57,273 - INFO -   - 2025-03-19: 1089条记录
2025-06-09 13:56:57,273 - INFO -   - 2025-03-20: 1088条记录
2025-06-09 13:56:57,273 - INFO -   - 2025-03-21: 1090条记录
2025-06-09 13:56:57,273 - INFO -   - 2025-03-24: 1091条记录
2025-06-09 13:56:57,273 - INFO -   - 2025-03-25: 1092条记录
2025-06-09 13:56:57,273 - INFO -   - 2025-03-26: 1093条记录
2025-06-09 13:56:57,273 - INFO -   - 2025-03-27: 1093条记录
2025-06-09 13:56:57,274 - INFO -   - 2025-03-28: 1093条记录
2025-06-09 13:56:57,274 - INFO -   - 2025-03-31: 1096条记录
2025-06-09 13:56:57,274 - INFO -   - 2025-04-01: 1099条记录
2025-06-09 13:56:57,274 - INFO -   - 2025-04-02: 1100条记录
2025-06-09 13:56:57,274 - INFO -   - 2025-04-03: 1103条记录
2025-06-09 13:56:57,274 - INFO -   - 2025-04-07: 1106条记录
2025-06-09 13:56:57,274 - INFO -   - 2025-04-08: 1109条记录
2025-06-09 13:56:57,274 - INFO -   - 2025-04-09: 1113条记录
2025-06-09 13:56:57,274 - INFO -   - 2025-04-10: 1114条记录
2025-06-09 13:56:57,274 - INFO -   - 2025-04-11: 1116条记录
2025-06-09 13:56:57,274 - INFO -   - 2025-04-14: 1120条记录
2025-06-09 13:56:57,274 - INFO -   - 2025-04-15: 1121条记录
2025-06-09 13:56:57,274 - INFO -   - 2025-04-16: 1123条记录
2025-06-09 13:56:57,274 - INFO -   - 2025-04-17: 1123条记录
2025-06-09 13:56:57,274 - INFO -   - 2025-04-18: 1124条记录
2025-06-09 13:56:57,274 - INFO -   - 2025-04-21: 1123条记录
2025-06-09 13:56:57,274 - INFO -   - 2025-04-22: 1122条记录
2025-06-09 13:56:57,274 - INFO -   - 2025-04-23: 1123条记录
2025-06-09 13:56:57,274 - INFO -   - 2025-04-24: 1125条记录
2025-06-09 13:56:57,274 - INFO -   - 2025-04-25: 1129条记录
2025-06-09 13:56:57,274 - INFO -   - 2025-04-28: 1130条记录
2025-06-09 13:56:57,274 - INFO -   - 2025-04-29: 1131条记录
2025-06-09 13:56:57,274 - INFO -   - 2025-04-30: 1133条记录
2025-06-09 13:56:57,274 - INFO -   - 2025-05-06: 1133条记录
2025-06-09 13:56:57,275 - INFO -   - 2025-05-07: 1136条记录
2025-06-09 13:56:57,275 - INFO -   - 2025-05-08: 1137条记录
2025-06-09 13:56:57,275 - INFO -   - 2025-05-09: 1141条记录
2025-06-09 13:56:57,275 - INFO -   - 2025-05-12: 1142条记录
2025-06-09 13:56:57,275 - INFO -   - 2025-05-13: 1144条记录
2025-06-09 13:56:57,275 - INFO -   - 2025-05-14: 1145条记录
2025-06-09 13:56:57,275 - INFO -   - 2025-05-15: 1146条记录
2025-06-09 13:56:57,275 - INFO -   - 2025-05-16: 1147条记录
2025-06-09 13:56:57,275 - INFO -   - 2025-05-19: 1148条记录
2025-06-09 13:56:57,275 - INFO -   - 2025-05-20: 1149条记录
2025-06-09 13:56:57,275 - INFO -   - 2025-05-21: 1150条记录
2025-06-09 13:56:57,275 - INFO -   - 2025-05-22: 1150条记录
2025-06-09 13:56:57,275 - INFO -   - 2025-05-23: 1151条记录
2025-06-09 13:56:57,275 - INFO -   - 2025-05-26: 1153条记录
2025-06-09 13:56:57,275 - INFO -   - 2025-05-27: 1155条记录
2025-06-09 13:56:57,275 - INFO -   - 2025-05-28: 1156条记录
2025-06-09 13:56:57,275 - INFO -   - 2025-05-29: 1159条记录
2025-06-09 13:56:57,275 - INFO -   - 2025-05-30: 1162条记录
2025-06-09 13:56:57,275 - INFO -   - 2025-06-03: 1163条记录
2025-06-09 13:56:57,275 - INFO -   - 2025-06-04: 1165条记录
2025-06-09 13:56:57,275 - INFO -   - 2025-06-05: 1167条记录
2025-06-09 13:56:57,275 - INFO -   - 2025-06-06: 1166条记录
2025-06-09 13:56:57,308 - INFO - 
ETF持有人历史数据日期统计:
2025-06-09 13:56:57,308 - INFO -   - 2025-01-03: 1009条记录
2025-06-09 13:56:57,308 - INFO -   - 2025-03-19: 1081条记录
2025-06-09 13:56:57,308 - INFO -   - 2025-03-20: 1083条记录
2025-06-09 13:56:57,308 - INFO -   - 2025-03-21: 1090条记录
2025-06-09 13:56:57,308 - INFO -   - 2025-03-24: 1091条记录
2025-06-09 13:56:57,308 - INFO -   - 2025-03-25: 1071条记录
2025-06-09 13:56:57,308 - INFO -   - 2025-03-26: 1092条记录
2025-06-09 13:56:57,308 - INFO -   - 2025-03-27: 1093条记录
2025-06-09 13:56:57,309 - INFO -   - 2025-03-28: 1095条记录
2025-06-09 13:56:57,309 - INFO -   - 2025-03-31: 1094条记录
2025-06-09 13:56:57,309 - INFO -   - 2025-04-01: 1093条记录
2025-06-09 13:56:57,309 - INFO -   - 2025-04-02: 1095条记录
2025-06-09 13:56:57,309 - INFO -   - 2025-04-03: 1097条记录
2025-06-09 13:56:57,309 - INFO -   - 2025-04-07: 1099条记录
2025-06-09 13:56:57,309 - INFO -   - 2025-04-08: 1101条记录
2025-06-09 13:56:57,309 - INFO -   - 2025-04-09: 1105条记录
2025-06-09 13:56:57,309 - INFO -   - 2025-04-10: 1104条记录
2025-06-09 13:56:57,309 - INFO -   - 2025-04-11: 1102条记录
2025-06-09 13:56:57,309 - INFO -   - 2025-04-14: 1107条记录
2025-06-09 13:56:57,309 - INFO -   - 2025-04-15: 1109条记录
2025-06-09 13:56:57,309 - INFO -   - 2025-04-16: 1111条记录
2025-06-09 13:56:57,309 - INFO -   - 2025-04-17: 1111条记录
2025-06-09 13:56:57,309 - INFO -   - 2025-04-18: 1110条记录
2025-06-09 13:56:57,309 - INFO -   - 2025-04-21: 1112条记录
2025-06-09 13:56:57,309 - INFO -   - 2025-04-22: 1116条记录
2025-06-09 13:56:57,309 - INFO -   - 2025-04-23: 1117条记录
2025-06-09 13:56:57,309 - INFO -   - 2025-04-24: 1116条记录
2025-06-09 13:56:57,309 - INFO -   - 2025-04-25: 1118条记录
2025-06-09 13:56:57,309 - INFO -   - 2025-04-28: 1118条记录
2025-06-09 13:56:57,309 - INFO -   - 2025-04-29: 1122条记录
2025-06-09 13:56:57,309 - INFO -   - 2025-04-30: 1121条记录
2025-06-09 13:56:57,310 - INFO -   - 2025-05-06: 1124条记录
2025-06-09 13:56:57,310 - INFO -   - 2025-05-07: 1123条记录
2025-06-09 13:56:57,310 - INFO -   - 2025-05-08: 1124条记录
2025-06-09 13:56:57,310 - INFO -   - 2025-05-09: 1124条记录
2025-06-09 13:56:57,310 - INFO -   - 2025-05-12: 1128条记录
2025-06-09 13:56:57,310 - INFO -   - 2025-05-13: 1128条记录
2025-06-09 13:56:57,310 - INFO -   - 2025-05-14: 1130条记录
2025-06-09 13:56:57,310 - INFO -   - 2025-05-15: 1133条记录
2025-06-09 13:56:57,310 - INFO -   - 2025-05-16: 1135条记录
2025-06-09 13:56:57,310 - INFO -   - 2025-05-19: 1136条记录
2025-06-09 13:56:57,310 - INFO -   - 2025-05-20: 1138条记录
2025-06-09 13:56:57,310 - INFO -   - 2025-05-21: 1139条记录
2025-06-09 13:56:57,310 - INFO -   - 2025-05-22: 1140条记录
2025-06-09 13:56:57,310 - INFO -   - 2025-05-23: 1141条记录
2025-06-09 13:56:57,310 - INFO -   - 2025-05-26: 1139条记录
2025-06-09 13:56:57,310 - INFO -   - 2025-05-27: 1140条记录
2025-06-09 13:56:57,310 - INFO -   - 2025-05-28: 1140条记录
2025-06-09 13:56:57,310 - INFO -   - 2025-05-29: 1138条记录
2025-06-09 13:56:57,310 - INFO -   - 2025-05-30: 1141条记录
2025-06-09 13:56:57,310 - INFO -   - 2025-06-03: 1143条记录
2025-06-09 13:56:57,310 - INFO -   - 2025-06-04: 1142条记录
2025-06-09 13:56:57,310 - INFO -   - 2025-06-05: 1142条记录
2025-06-09 13:56:57,310 - INFO -   - 2025-06-06: 1142条记录
2025-06-09 13:56:57,310 - INFO - 
所有历史数据导入完成
2025-06-09 14:00:54,036 - INFO - 开始导入所有历史数据...
2025-06-09 14:00:54,047 - INFO - 处理ETF基本信息文件: data/ETF_DATA_20250103.xlsx, 日期: 2025-01-03
2025-06-09 14:00:54,104 - INFO - 日期 2025-01-03 的ETF规模历史数据已存在，跳过导入
2025-06-09 14:00:54,104 - INFO - 处理ETF基本信息文件: data/ETF_DATA_20250213.xlsx, 日期: 2025-02-13
2025-06-09 14:00:54,325 - INFO - 文件中的工作表: ['万得']
2025-06-09 14:00:54,614 - INFO - 原始列名: ['证券代码', '证券简称', '业绩比较基准', '成立年限\n[单位] 年', '基金上市地点', '基金成立日', '基金管理人', '管理费率\n[单位] %', '托管费率\n[单位] %', '指数使用费率', '跟踪指数代码', '日均跟踪偏离度阈值(业绩基准)\n[单位] %', '年化跟踪误差阈值(业绩基准)\n[单位] %', '跟踪误差\n[起始交易日期] 截止日52周前\n[截止交易日期] 最新收盘日\n[计算周期] 日\n[收益率计算方法] 普通收益率\n[标的指数] 上证综合指数\n[单位] %', '跟踪误差(跟踪指数)\n[起始交易日期] 截止日52周前\n[截止交易日期] 最新收盘日\n[计算周期] 日\n[收益率计算方法] 普通收益率\n[单位] %', '信息比率(年化)\n[起始交易日期] 截止日52周前\n[截止交易日期] 最新收盘日\n[计算周期] 日\n[收益率计算方法] 普通收益率\n[无风险收益率] 一年定存利率（税前）\n[标的指数] 上证综合指数', '跟踪误差(年化)\n[起始交易日期] 截止日52周前\n[截止交易日期] 最新收盘日\n[计算周期] 日\n[收益率计算方法] 普通收益率\n[标的指数] 上证综合指数\n[单位] %', '月成交额\n[交易日期] 最新收盘日\n[单位] 百万元']
2025-06-09 14:00:54,614 - INFO - 数据形状: (1078, 18)
2025-06-09 14:00:54,630 - INFO - 数据前5行:
        证券代码  ... 月成交额\n[交易日期] 最新收盘日\n[单位] 百万元
0  159005.SZ  ...                          NaN
1  159515.SZ  ...                      11.1338
2  159563.SZ  ...                      63.5483
3  159577.SZ  ...                     701.3837
4  159788.SZ  ...                      77.2533

[5 rows x 18 columns]
2025-06-09 14:00:54,630 - ERROR - 无法在文件 data/ETF_DATA_20250213.xlsx 中找到规模列
2025-06-09 14:00:54,630 - INFO - 处理ETF基本信息文件: data/ETF_DATA_20250214.xlsx, 日期: 2025-02-14
2025-06-09 14:00:54,644 - INFO - 日期 2025-02-14 的ETF规模历史数据已存在，跳过导入
2025-06-09 14:00:54,644 - INFO - 处理ETF基本信息文件: data/ETF_DATA_20250228.xlsx, 日期: 2025-02-28
2025-06-09 14:00:54,657 - INFO - 日期 2025-02-28 的ETF规模历史数据已存在，跳过导入
2025-06-09 14:00:54,657 - INFO - 处理ETF基本信息文件: data/ETF_DATA_20250307.xlsx, 日期: 2025-03-07
2025-06-09 14:00:54,672 - INFO - 日期 2025-03-07 的ETF规模历史数据已存在，跳过导入
2025-06-09 14:00:54,672 - INFO - 处理ETF基本信息文件: data/ETF_DATA_20250314.xlsx, 日期: 2025-03-14
2025-06-09 14:00:54,684 - INFO - 日期 2025-03-14 的ETF规模历史数据已存在，跳过导入
2025-06-09 14:00:54,684 - INFO - 处理ETF基本信息文件: data/ETF_DATA_20250321.xlsx, 日期: 2025-03-21
2025-06-09 14:00:54,697 - INFO - 日期 2025-03-21 的ETF规模历史数据已存在，跳过导入
2025-06-09 14:00:54,698 - INFO - 处理ETF基本信息文件: data/ETF_DATA_20250325.xlsx, 日期: 2025-03-25
2025-06-09 14:00:54,710 - INFO - 日期 2025-03-25 的ETF规模历史数据已存在，跳过导入
2025-06-09 14:00:54,710 - INFO - 处理ETF基本信息文件: data/ETF_DATA_20250326.xlsx, 日期: 2025-03-26
2025-06-09 14:00:54,723 - INFO - 日期 2025-03-26 的ETF规模历史数据已存在，跳过导入
2025-06-09 14:00:54,723 - INFO - 处理ETF基本信息文件: data/ETF_DATA_20250327.xlsx, 日期: 2025-03-27
2025-06-09 14:00:54,736 - INFO - 日期 2025-03-27 的ETF规模历史数据已存在，跳过导入
2025-06-09 14:00:54,736 - INFO - 处理ETF基本信息文件: data/ETF_DATA_20250328.xlsx, 日期: 2025-03-28
2025-06-09 14:00:54,748 - INFO - 日期 2025-03-28 的ETF规模历史数据已存在，跳过导入
2025-06-09 14:00:54,748 - INFO - 处理ETF基本信息文件: data/ETF_DATA_20250331.xlsx, 日期: 2025-03-31
2025-06-09 14:00:54,761 - INFO - 日期 2025-03-31 的ETF规模历史数据已存在，跳过导入
2025-06-09 14:00:54,761 - INFO - 处理ETF基本信息文件: data/ETF_DATA_20250401.xlsx, 日期: 2025-04-01
2025-06-09 14:00:54,774 - INFO - 日期 2025-04-01 的ETF规模历史数据已存在，跳过导入
2025-06-09 14:00:54,775 - INFO - 处理ETF基本信息文件: data/ETF_DATA_20250402.xlsx, 日期: 2025-04-02
2025-06-09 14:00:54,787 - INFO - 日期 2025-04-02 的ETF规模历史数据已存在，跳过导入
2025-06-09 14:00:54,787 - INFO - 处理ETF基本信息文件: data/ETF_DATA_20250403.xlsx, 日期: 2025-04-03
2025-06-09 14:00:54,800 - INFO - 日期 2025-04-03 的ETF规模历史数据已存在，跳过导入
2025-06-09 14:00:54,800 - INFO - 处理ETF基本信息文件: data/ETF_DATA_20250407.xlsx, 日期: 2025-04-07
2025-06-09 14:00:54,812 - INFO - 日期 2025-04-07 的ETF规模历史数据已存在，跳过导入
2025-06-09 14:00:54,812 - INFO - 处理ETF基本信息文件: data/ETF_DATA_20250408.xlsx, 日期: 2025-04-08
2025-06-09 14:00:54,828 - INFO - 日期 2025-04-08 的ETF规模历史数据已存在，跳过导入
2025-06-09 14:00:54,828 - INFO - 处理ETF基本信息文件: data/ETF_DATA_20250409.xlsx, 日期: 2025-04-09
2025-06-09 14:00:54,841 - INFO - 日期 2025-04-09 的ETF规模历史数据已存在，跳过导入
2025-06-09 14:00:54,841 - INFO - 处理ETF基本信息文件: data/ETF_DATA_20250410.xlsx, 日期: 2025-04-10
2025-06-09 14:00:54,854 - INFO - 日期 2025-04-10 的ETF规模历史数据已存在，跳过导入
2025-06-09 14:00:54,855 - INFO - 处理ETF基本信息文件: data/ETF_DATA_20250411.xlsx, 日期: 2025-04-11
2025-06-09 14:00:54,869 - INFO - 日期 2025-04-11 的ETF规模历史数据已存在，跳过导入
2025-06-09 14:00:54,869 - INFO - 处理ETF基本信息文件: data/ETF_DATA_20250414.xlsx, 日期: 2025-04-14
2025-06-09 14:00:54,883 - INFO - 日期 2025-04-14 的ETF规模历史数据已存在，跳过导入
2025-06-09 14:00:54,883 - INFO - 处理ETF基本信息文件: data/ETF_DATA_20250415.xlsx, 日期: 2025-04-15
2025-06-09 14:00:54,896 - INFO - 日期 2025-04-15 的ETF规模历史数据已存在，跳过导入
2025-06-09 14:00:54,896 - INFO - 处理ETF基本信息文件: data/ETF_DATA_20250416.xlsx, 日期: 2025-04-16
2025-06-09 14:00:54,909 - INFO - 日期 2025-04-16 的ETF规模历史数据已存在，跳过导入
2025-06-09 14:00:54,909 - INFO - 处理ETF基本信息文件: data/ETF_DATA_20250417.xlsx, 日期: 2025-04-17
2025-06-09 14:00:54,922 - INFO - 日期 2025-04-17 的ETF规模历史数据已存在，跳过导入
2025-06-09 14:00:54,922 - INFO - 处理ETF基本信息文件: data/ETF_DATA_20250418.xlsx, 日期: 2025-04-18
2025-06-09 14:00:54,934 - INFO - 日期 2025-04-18 的ETF规模历史数据已存在，跳过导入
2025-06-09 14:00:54,934 - INFO - 处理ETF基本信息文件: data/ETF_DATA_20250421.xlsx, 日期: 2025-04-21
2025-06-09 14:00:54,948 - INFO - 日期 2025-04-21 的ETF规模历史数据已存在，跳过导入
2025-06-09 14:00:54,948 - INFO - 处理ETF基本信息文件: data/ETF_DATA_20250422.xlsx, 日期: 2025-04-22
2025-06-09 14:00:54,961 - INFO - 日期 2025-04-22 的ETF规模历史数据已存在，跳过导入
2025-06-09 14:00:54,961 - INFO - 处理ETF基本信息文件: data/ETF_DATA_20250423.xlsx, 日期: 2025-04-23
2025-06-09 14:00:54,974 - INFO - 日期 2025-04-23 的ETF规模历史数据已存在，跳过导入
2025-06-09 14:00:54,974 - INFO - 处理ETF基本信息文件: data/ETF_DATA_20250424.xlsx, 日期: 2025-04-24
2025-06-09 14:00:54,987 - INFO - 日期 2025-04-24 的ETF规模历史数据已存在，跳过导入
2025-06-09 14:00:54,987 - INFO - 处理ETF基本信息文件: data/ETF_DATA_20250425.xlsx, 日期: 2025-04-25
2025-06-09 14:00:55,000 - INFO - 日期 2025-04-25 的ETF规模历史数据已存在，跳过导入
2025-06-09 14:00:55,000 - INFO - 处理ETF基本信息文件: data/ETF_DATA_20250428.xlsx, 日期: 2025-04-28
2025-06-09 14:00:55,012 - INFO - 日期 2025-04-28 的ETF规模历史数据已存在，跳过导入
2025-06-09 14:00:55,012 - INFO - 处理ETF基本信息文件: data/ETF_DATA_20250429.xlsx, 日期: 2025-04-29
2025-06-09 14:00:55,026 - INFO - 日期 2025-04-29 的ETF规模历史数据已存在，跳过导入
2025-06-09 14:00:55,026 - INFO - 处理ETF基本信息文件: data/ETF_DATA_20250430.xlsx, 日期: 2025-04-30
2025-06-09 14:00:55,038 - INFO - 日期 2025-04-30 的ETF规模历史数据已存在，跳过导入
2025-06-09 14:00:55,039 - INFO - 处理ETF基本信息文件: data/ETF_DATA_20250506.xlsx, 日期: 2025-05-06
2025-06-09 14:00:55,050 - INFO - 日期 2025-05-06 的ETF规模历史数据已存在，跳过导入
2025-06-09 14:00:55,051 - INFO - 处理ETF基本信息文件: data/ETF_DATA_20250507.xlsx, 日期: 2025-05-07
2025-06-09 14:00:55,063 - INFO - 日期 2025-05-07 的ETF规模历史数据已存在，跳过导入
2025-06-09 14:00:55,063 - INFO - 处理ETF基本信息文件: data/ETF_DATA_20250508.xlsx, 日期: 2025-05-08
2025-06-09 14:00:55,076 - INFO - 日期 2025-05-08 的ETF规模历史数据已存在，跳过导入
2025-06-09 14:00:55,076 - INFO - 处理ETF基本信息文件: data/ETF_DATA_20250509.xlsx, 日期: 2025-05-09
2025-06-09 14:00:55,089 - INFO - 日期 2025-05-09 的ETF规模历史数据已存在，跳过导入
2025-06-09 14:00:55,089 - INFO - 处理ETF基本信息文件: data/ETF_DATA_20250512.xlsx, 日期: 2025-05-12
2025-06-09 14:00:55,101 - INFO - 日期 2025-05-12 的ETF规模历史数据已存在，跳过导入
2025-06-09 14:00:55,101 - INFO - 处理ETF基本信息文件: data/ETF_DATA_20250513.xlsx, 日期: 2025-05-13
2025-06-09 14:00:55,113 - INFO - 日期 2025-05-13 的ETF规模历史数据已存在，跳过导入
2025-06-09 14:00:55,113 - INFO - 处理ETF基本信息文件: data/ETF_DATA_20250514.xlsx, 日期: 2025-05-14
2025-06-09 14:00:55,126 - INFO - 日期 2025-05-14 的ETF规模历史数据已存在，跳过导入
2025-06-09 14:00:55,126 - INFO - 处理ETF基本信息文件: data/ETF_DATA_20250515.xlsx, 日期: 2025-05-15
2025-06-09 14:00:55,142 - INFO - 日期 2025-05-15 的ETF规模历史数据已存在，跳过导入
2025-06-09 14:00:55,142 - INFO - 处理ETF基本信息文件: data/ETF_DATA_20250516.xlsx, 日期: 2025-05-16
2025-06-09 14:00:55,155 - INFO - 日期 2025-05-16 的ETF规模历史数据已存在，跳过导入
2025-06-09 14:00:55,156 - INFO - 处理ETF基本信息文件: data/ETF_DATA_20250519.xlsx, 日期: 2025-05-19
2025-06-09 14:00:55,168 - INFO - 日期 2025-05-19 的ETF规模历史数据已存在，跳过导入
2025-06-09 14:00:55,168 - INFO - 处理ETF基本信息文件: data/ETF_DATA_20250520.xlsx, 日期: 2025-05-20
2025-06-09 14:00:55,180 - INFO - 日期 2025-05-20 的ETF规模历史数据已存在，跳过导入
2025-06-09 14:00:55,181 - INFO - 处理ETF基本信息文件: data/ETF_DATA_20250521.xlsx, 日期: 2025-05-21
2025-06-09 14:00:55,194 - INFO - 日期 2025-05-21 的ETF规模历史数据已存在，跳过导入
2025-06-09 14:00:55,194 - INFO - 处理ETF基本信息文件: data/ETF_DATA_20250522.xlsx, 日期: 2025-05-22
2025-06-09 14:00:55,206 - INFO - 日期 2025-05-22 的ETF规模历史数据已存在，跳过导入
2025-06-09 14:00:55,207 - INFO - 处理ETF基本信息文件: data/ETF_DATA_20250523.xlsx, 日期: 2025-05-23
2025-06-09 14:00:55,219 - INFO - 日期 2025-05-23 的ETF规模历史数据已存在，跳过导入
2025-06-09 14:00:55,219 - INFO - 处理ETF基本信息文件: data/ETF_DATA_20250526.xlsx, 日期: 2025-05-26
2025-06-09 14:00:55,231 - INFO - 日期 2025-05-26 的ETF规模历史数据已存在，跳过导入
2025-06-09 14:00:55,231 - INFO - 处理ETF基本信息文件: data/ETF_DATA_20250527.xlsx, 日期: 2025-05-27
2025-06-09 14:00:55,244 - INFO - 日期 2025-05-27 的ETF规模历史数据已存在，跳过导入
2025-06-09 14:00:55,244 - INFO - 处理ETF基本信息文件: data/ETF_DATA_20250528.xlsx, 日期: 2025-05-28
2025-06-09 14:00:55,257 - INFO - 日期 2025-05-28 的ETF规模历史数据已存在，跳过导入
2025-06-09 14:00:55,257 - INFO - 处理ETF基本信息文件: data/ETF_DATA_20250529.xlsx, 日期: 2025-05-29
2025-06-09 14:00:55,269 - INFO - 日期 2025-05-29 的ETF规模历史数据已存在，跳过导入
2025-06-09 14:00:55,269 - INFO - 处理ETF基本信息文件: data/ETF_DATA_20250530.xlsx, 日期: 2025-05-30
2025-06-09 14:00:55,283 - INFO - 日期 2025-05-30 的ETF规模历史数据已存在，跳过导入
2025-06-09 14:00:55,284 - INFO - 处理ETF基本信息文件: data/ETF_DATA_20250603.xlsx, 日期: 2025-06-03
2025-06-09 14:00:55,296 - INFO - 日期 2025-06-03 的ETF规模历史数据已存在，跳过导入
2025-06-09 14:00:55,296 - INFO - 处理ETF基本信息文件: data/ETF_DATA_20250604.xlsx, 日期: 2025-06-04
2025-06-09 14:00:55,309 - INFO - 日期 2025-06-04 的ETF规模历史数据已存在，跳过导入
2025-06-09 14:00:55,309 - INFO - 处理ETF基本信息文件: data/ETF_DATA_20250605.xlsx, 日期: 2025-06-05
2025-06-09 14:00:55,322 - INFO - 日期 2025-06-05 的ETF规模历史数据已存在，跳过导入
2025-06-09 14:00:55,322 - INFO - 处理ETF基本信息文件: data/ETF_DATA_20250606.xlsx, 日期: 2025-06-06
2025-06-09 14:00:55,335 - INFO - 日期 2025-06-06 的ETF规模历史数据已存在，跳过导入
2025-06-09 14:00:55,336 - INFO - 处理ETF自选数据文件: data/客户ETF自选人数20250103.xlsx, 日期: 2025-01-03
2025-06-09 14:00:55,394 - INFO - 日期 2025-01-03 的ETF自选历史数据已存在，跳过导入
2025-06-09 14:00:55,394 - INFO - 处理ETF自选数据文件: data/客户ETF自选人数20250319.xlsx, 日期: 2025-03-19
2025-06-09 14:00:55,405 - INFO - 日期 2025-03-19 的ETF自选历史数据已存在，跳过导入
2025-06-09 14:00:55,405 - INFO - 处理ETF自选数据文件: data/客户ETF自选人数20250320.xlsx, 日期: 2025-03-20
2025-06-09 14:00:55,415 - INFO - 日期 2025-03-20 的ETF自选历史数据已存在，跳过导入
2025-06-09 14:00:55,415 - INFO - 处理ETF自选数据文件: data/客户ETF自选人数20250321.xlsx, 日期: 2025-03-21
2025-06-09 14:00:55,426 - INFO - 日期 2025-03-21 的ETF自选历史数据已存在，跳过导入
2025-06-09 14:00:55,426 - INFO - 处理ETF自选数据文件: data/客户ETF自选人数20250324.xlsx, 日期: 2025-03-24
2025-06-09 14:00:55,437 - INFO - 日期 2025-03-24 的ETF自选历史数据已存在，跳过导入
2025-06-09 14:00:55,437 - INFO - 处理ETF自选数据文件: data/客户ETF自选人数20250325.xlsx, 日期: 2025-03-25
2025-06-09 14:00:55,448 - INFO - 日期 2025-03-25 的ETF自选历史数据已存在，跳过导入
2025-06-09 14:00:55,448 - INFO - 处理ETF自选数据文件: data/客户ETF自选人数20250326.xlsx, 日期: 2025-03-26
2025-06-09 14:00:55,458 - INFO - 日期 2025-03-26 的ETF自选历史数据已存在，跳过导入
2025-06-09 14:00:55,458 - INFO - 处理ETF自选数据文件: data/客户ETF自选人数20250327.xlsx, 日期: 2025-03-27
2025-06-09 14:00:55,469 - INFO - 日期 2025-03-27 的ETF自选历史数据已存在，跳过导入
2025-06-09 14:00:55,469 - INFO - 处理ETF自选数据文件: data/客户ETF自选人数20250328.xlsx, 日期: 2025-03-28
2025-06-09 14:00:55,480 - INFO - 日期 2025-03-28 的ETF自选历史数据已存在，跳过导入
2025-06-09 14:00:55,480 - INFO - 处理ETF自选数据文件: data/客户ETF自选人数20250331.xlsx, 日期: 2025-03-31
2025-06-09 14:00:55,491 - INFO - 日期 2025-03-31 的ETF自选历史数据已存在，跳过导入
2025-06-09 14:00:55,491 - INFO - 处理ETF自选数据文件: data/客户ETF自选人数20250401.xlsx, 日期: 2025-04-01
2025-06-09 14:00:55,501 - INFO - 日期 2025-04-01 的ETF自选历史数据已存在，跳过导入
2025-06-09 14:00:55,501 - INFO - 处理ETF自选数据文件: data/客户ETF自选人数20250402.xlsx, 日期: 2025-04-02
2025-06-09 14:00:55,512 - INFO - 日期 2025-04-02 的ETF自选历史数据已存在，跳过导入
2025-06-09 14:00:55,512 - INFO - 处理ETF自选数据文件: data/客户ETF自选人数20250403.xlsx, 日期: 2025-04-03
2025-06-09 14:00:55,523 - INFO - 日期 2025-04-03 的ETF自选历史数据已存在，跳过导入
2025-06-09 14:00:55,523 - INFO - 处理ETF自选数据文件: data/客户ETF自选人数20250407.xlsx, 日期: 2025-04-07
2025-06-09 14:00:55,534 - INFO - 日期 2025-04-07 的ETF自选历史数据已存在，跳过导入
2025-06-09 14:00:55,534 - INFO - 处理ETF自选数据文件: data/客户ETF自选人数20250408.xlsx, 日期: 2025-04-08
2025-06-09 14:00:55,545 - INFO - 日期 2025-04-08 的ETF自选历史数据已存在，跳过导入
2025-06-09 14:00:55,545 - INFO - 处理ETF自选数据文件: data/客户ETF自选人数20250409.xlsx, 日期: 2025-04-09
2025-06-09 14:00:55,558 - INFO - 日期 2025-04-09 的ETF自选历史数据已存在，跳过导入
2025-06-09 14:00:55,558 - INFO - 处理ETF自选数据文件: data/客户ETF自选人数20250410.xlsx, 日期: 2025-04-10
2025-06-09 14:00:55,569 - INFO - 日期 2025-04-10 的ETF自选历史数据已存在，跳过导入
2025-06-09 14:00:55,569 - INFO - 处理ETF自选数据文件: data/客户ETF自选人数20250411.xlsx.bak, 日期: 2025-04-11
2025-06-09 14:00:55,580 - INFO - 日期 2025-04-11 的ETF自选历史数据已存在，跳过导入
2025-06-09 14:00:55,580 - INFO - 处理ETF自选数据文件: data/客户ETF自选人数20250411.xlsx, 日期: 2025-04-11
2025-06-09 14:00:55,591 - INFO - 日期 2025-04-11 的ETF自选历史数据已存在，跳过导入
2025-06-09 14:00:55,591 - INFO - 处理ETF自选数据文件: data/客户ETF自选人数20250414.xlsx, 日期: 2025-04-14
2025-06-09 14:00:55,601 - INFO - 日期 2025-04-14 的ETF自选历史数据已存在，跳过导入
2025-06-09 14:00:55,602 - INFO - 处理ETF自选数据文件: data/客户ETF自选人数20250415.xlsx, 日期: 2025-04-15
2025-06-09 14:00:55,612 - INFO - 日期 2025-04-15 的ETF自选历史数据已存在，跳过导入
2025-06-09 14:00:55,612 - INFO - 处理ETF自选数据文件: data/客户ETF自选人数20250416.xlsx, 日期: 2025-04-16
2025-06-09 14:00:55,623 - INFO - 日期 2025-04-16 的ETF自选历史数据已存在，跳过导入
2025-06-09 14:00:55,623 - INFO - 处理ETF自选数据文件: data/客户ETF自选人数20250417.xlsx, 日期: 2025-04-17
2025-06-09 14:00:55,634 - INFO - 日期 2025-04-17 的ETF自选历史数据已存在，跳过导入
2025-06-09 14:00:55,634 - INFO - 处理ETF自选数据文件: data/客户ETF自选人数20250418.xlsx, 日期: 2025-04-18
2025-06-09 14:00:55,644 - INFO - 日期 2025-04-18 的ETF自选历史数据已存在，跳过导入
2025-06-09 14:00:55,644 - INFO - 处理ETF自选数据文件: data/客户ETF自选人数20250421.xlsx, 日期: 2025-04-21
2025-06-09 14:00:55,655 - INFO - 日期 2025-04-21 的ETF自选历史数据已存在，跳过导入
2025-06-09 14:00:55,655 - INFO - 处理ETF自选数据文件: data/客户ETF自选人数20250422.xlsx, 日期: 2025-04-22
2025-06-09 14:00:55,727 - INFO - 日期 2025-04-22 的ETF自选历史数据已存在，跳过导入
2025-06-09 14:00:55,727 - INFO - 处理ETF自选数据文件: data/客户ETF自选人数20250423.xlsx, 日期: 2025-04-23
2025-06-09 14:00:55,749 - INFO - 日期 2025-04-23 的ETF自选历史数据已存在，跳过导入
2025-06-09 14:00:55,750 - INFO - 处理ETF自选数据文件: data/客户ETF自选人数20250424.xlsx, 日期: 2025-04-24
2025-06-09 14:00:55,761 - INFO - 日期 2025-04-24 的ETF自选历史数据已存在，跳过导入
2025-06-09 14:00:55,761 - INFO - 处理ETF自选数据文件: data/客户ETF自选人数20250425.xlsx, 日期: 2025-04-25
2025-06-09 14:00:55,772 - INFO - 日期 2025-04-25 的ETF自选历史数据已存在，跳过导入
2025-06-09 14:00:55,772 - INFO - 处理ETF自选数据文件: data/客户ETF自选人数20250428.xlsx, 日期: 2025-04-28
2025-06-09 14:00:55,783 - INFO - 日期 2025-04-28 的ETF自选历史数据已存在，跳过导入
2025-06-09 14:00:55,783 - INFO - 处理ETF自选数据文件: data/客户ETF自选人数20250429.xlsx, 日期: 2025-04-29
2025-06-09 14:00:55,793 - INFO - 日期 2025-04-29 的ETF自选历史数据已存在，跳过导入
2025-06-09 14:00:55,793 - INFO - 处理ETF自选数据文件: data/客户ETF自选人数 20250430.xlsx, 日期: 2025-04-30
2025-06-09 14:00:55,805 - INFO - 日期 2025-04-30 的ETF自选历史数据已存在，跳过导入
2025-06-09 14:00:55,805 - INFO - 处理ETF自选数据文件: data/客户ETF自选人数20250506.xlsx, 日期: 2025-05-06
2025-06-09 14:00:55,817 - INFO - 日期 2025-05-06 的ETF自选历史数据已存在，跳过导入
2025-06-09 14:00:55,817 - INFO - 处理ETF自选数据文件: data/客户ETF自选人数20250507.xlsx, 日期: 2025-05-07
2025-06-09 14:00:55,840 - INFO - 日期 2025-05-07 的ETF自选历史数据已存在，跳过导入
2025-06-09 14:00:55,840 - INFO - 处理ETF自选数据文件: data/客户ETF自选人数20250508.xlsx, 日期: 2025-05-08
2025-06-09 14:00:55,857 - INFO - 日期 2025-05-08 的ETF自选历史数据已存在，跳过导入
2025-06-09 14:00:55,857 - INFO - 处理ETF自选数据文件: data/客户ETF自选人数20250509.xlsx, 日期: 2025-05-09
2025-06-09 14:00:55,867 - INFO - 日期 2025-05-09 的ETF自选历史数据已存在，跳过导入
2025-06-09 14:00:55,867 - INFO - 处理ETF自选数据文件: data/客户ETF自选人数 20250512.xlsx, 日期: 2025-05-12
2025-06-09 14:00:55,879 - INFO - 日期 2025-05-12 的ETF自选历史数据已存在，跳过导入
2025-06-09 14:00:55,879 - INFO - 处理ETF自选数据文件: data/客户ETF自选人数20250513.xlsx, 日期: 2025-05-13
2025-06-09 14:00:55,893 - INFO - 日期 2025-05-13 的ETF自选历史数据已存在，跳过导入
2025-06-09 14:00:55,893 - INFO - 处理ETF自选数据文件: data/客户ETF自选人数20250514.xlsx, 日期: 2025-05-14
2025-06-09 14:00:55,905 - INFO - 日期 2025-05-14 的ETF自选历史数据已存在，跳过导入
2025-06-09 14:00:55,906 - INFO - 处理ETF自选数据文件: data/客户ETF自选人数20250515.xlsx, 日期: 2025-05-15
2025-06-09 14:00:55,916 - INFO - 日期 2025-05-15 的ETF自选历史数据已存在，跳过导入
2025-06-09 14:00:55,917 - INFO - 处理ETF自选数据文件: data/客户ETF自选人数20250516.xlsx, 日期: 2025-05-16
2025-06-09 14:00:55,928 - INFO - 日期 2025-05-16 的ETF自选历史数据已存在，跳过导入
2025-06-09 14:00:55,928 - INFO - 处理ETF自选数据文件: data/客户ETF自选人数20250519.xlsx, 日期: 2025-05-19
2025-06-09 14:00:55,939 - INFO - 日期 2025-05-19 的ETF自选历史数据已存在，跳过导入
2025-06-09 14:00:55,939 - INFO - 处理ETF自选数据文件: data/客户ETF自选人数20250520.xlsx, 日期: 2025-05-20
2025-06-09 14:00:55,949 - INFO - 日期 2025-05-20 的ETF自选历史数据已存在，跳过导入
2025-06-09 14:00:55,949 - INFO - 处理ETF自选数据文件: data/客户ETF自选人数20250521.xlsx, 日期: 2025-05-21
2025-06-09 14:00:55,960 - INFO - 日期 2025-05-21 的ETF自选历史数据已存在，跳过导入
2025-06-09 14:00:55,961 - INFO - 处理ETF自选数据文件: data/客户ETF自选人数20250522.xlsx, 日期: 2025-05-22
2025-06-09 14:00:55,972 - INFO - 日期 2025-05-22 的ETF自选历史数据已存在，跳过导入
2025-06-09 14:00:55,972 - INFO - 处理ETF自选数据文件: data/客户ETF自选人数20250523.xlsx, 日期: 2025-05-23
2025-06-09 14:00:55,982 - INFO - 日期 2025-05-23 的ETF自选历史数据已存在，跳过导入
2025-06-09 14:00:55,983 - INFO - 处理ETF自选数据文件: data/客户ETF自选人数20250526.xlsx, 日期: 2025-05-26
2025-06-09 14:00:55,993 - INFO - 日期 2025-05-26 的ETF自选历史数据已存在，跳过导入
2025-06-09 14:00:55,994 - INFO - 处理ETF自选数据文件: data/客户ETF自选人数20250527.xlsx, 日期: 2025-05-27
2025-06-09 14:00:56,004 - INFO - 日期 2025-05-27 的ETF自选历史数据已存在，跳过导入
2025-06-09 14:00:56,005 - INFO - 处理ETF自选数据文件: data/客户ETF自选人数20250528.xlsx, 日期: 2025-05-28
2025-06-09 14:00:56,015 - INFO - 日期 2025-05-28 的ETF自选历史数据已存在，跳过导入
2025-06-09 14:00:56,016 - INFO - 处理ETF自选数据文件: data/客户ETF自选人数20250529.xlsx, 日期: 2025-05-29
2025-06-09 14:00:56,026 - INFO - 日期 2025-05-29 的ETF自选历史数据已存在，跳过导入
2025-06-09 14:00:56,026 - INFO - 处理ETF自选数据文件: data/客户ETF自选人数20250530.xlsx, 日期: 2025-05-30
2025-06-09 14:00:56,037 - INFO - 日期 2025-05-30 的ETF自选历史数据已存在，跳过导入
2025-06-09 14:00:56,037 - INFO - 处理ETF自选数据文件: data/客户ETF自选人数20250603.xlsx, 日期: 2025-06-03
2025-06-09 14:00:56,048 - INFO - 日期 2025-06-03 的ETF自选历史数据已存在，跳过导入
2025-06-09 14:00:56,048 - INFO - 处理ETF自选数据文件: data/客户ETF自选人数20250604.xlsx, 日期: 2025-06-04
2025-06-09 14:00:56,104 - INFO - 文件中的工作表: ['客户ETF自选人数', '仪表板']
2025-06-09 14:00:56,114 - INFO - 原始列名: ['数据截止日期']
2025-06-09 14:00:56,114 - INFO - 数据形状: (0, 1)
2025-06-09 14:00:56,114 - INFO - 数据前5行:
Empty DataFrame
Columns: [数据截止日期]
Index: []
2025-06-09 14:00:56,114 - WARNING - 标准读取方式返回空数据或只有单列，尝试读取所有单元格...
2025-06-09 14:00:56,184 - INFO - 尝试读取工作表: 客户ETF自选人数
2025-06-09 14:00:56,189 - INFO - 找到的标题行: ('数据截止日期', '标的代码', '加自选人数')
2025-06-09 14:00:56,191 - INFO - 成功读取数据，形状: (1165, 3)
2025-06-09 14:00:56,191 - INFO - 标准化后列名: ['数据截止日期', '标的代码', '加自选人数']
2025-06-09 14:00:56,191 - INFO - 找到的代码列: ['标的代码']
2025-06-09 14:00:56,191 - INFO - 找到的自选列: ['加自选人数']
2025-06-09 14:00:56,193 - INFO - 处理后列名: ['数据截止日期', 'code', 'attention_count', 'date']
2025-06-09 14:00:56,196 - INFO - 处理后数据前5行:
     数据截止日期    code  attention_count        date
0  20250604  159001              102  2025-06-04
1      None  159003               98  2025-06-04
2      None  159005               46  2025-06-04
3      None  159150              243  2025-06-04
4      None  159201              955  2025-06-04
2025-06-09 14:00:56,300 - INFO - 成功导入 1165 条 2025-06-04 的ETF自选历史数据
2025-06-09 14:00:56,300 - INFO - 处理ETF自选数据文件: data/客户ETF自选人数20250605.xlsx, 日期: 2025-06-05
2025-06-09 14:00:56,352 - INFO - 文件中的工作表: ['客户ETF自选人数', '仪表板']
2025-06-09 14:00:56,365 - INFO - 原始列名: ['数据截止日期']
2025-06-09 14:00:56,366 - INFO - 数据形状: (0, 1)
2025-06-09 14:00:56,366 - INFO - 数据前5行:
Empty DataFrame
Columns: [数据截止日期]
Index: []
2025-06-09 14:00:56,367 - WARNING - 标准读取方式返回空数据或只有单列，尝试读取所有单元格...
2025-06-09 14:00:56,449 - INFO - 尝试读取工作表: 客户ETF自选人数
2025-06-09 14:00:56,453 - INFO - 找到的标题行: ('数据截止日期', '标的代码', '加自选人数')
2025-06-09 14:00:56,455 - INFO - 成功读取数据，形状: (1167, 3)
2025-06-09 14:00:56,455 - INFO - 标准化后列名: ['数据截止日期', '标的代码', '加自选人数']
2025-06-09 14:00:56,455 - INFO - 找到的代码列: ['标的代码']
2025-06-09 14:00:56,455 - INFO - 找到的自选列: ['加自选人数']
2025-06-09 14:00:56,457 - INFO - 处理后列名: ['数据截止日期', 'code', 'attention_count', 'date']
2025-06-09 14:00:56,460 - INFO - 处理后数据前5行:
     数据截止日期    code  attention_count        date
0  20250606  159001              102  2025-06-05
1      None  159003               98  2025-06-05
2      None  159005               45  2025-06-05
3      None  159150              243  2025-06-05
4      None  159201              953  2025-06-05
2025-06-09 14:00:56,564 - INFO - 成功导入 1167 条 2025-06-05 的ETF自选历史数据
2025-06-09 14:00:56,565 - INFO - 处理ETF自选数据文件: data/客户ETF自选人数20250606.xlsx, 日期: 2025-06-06
2025-06-09 14:00:56,610 - INFO - 文件中的工作表: ['客户ETF自选人数', '仪表板']
2025-06-09 14:00:56,623 - INFO - 原始列名: ['数据截止日期']
2025-06-09 14:00:56,623 - INFO - 数据形状: (0, 1)
2025-06-09 14:00:56,624 - INFO - 数据前5行:
Empty DataFrame
Columns: [数据截止日期]
Index: []
2025-06-09 14:00:56,624 - WARNING - 标准读取方式返回空数据或只有单列，尝试读取所有单元格...
2025-06-09 14:00:56,697 - INFO - 尝试读取工作表: 客户ETF自选人数
2025-06-09 14:00:56,705 - INFO - 找到的标题行: ('数据截止日期', '标的代码', '加自选人数')
2025-06-09 14:00:56,707 - INFO - 成功读取数据，形状: (1166, 3)
2025-06-09 14:00:56,707 - INFO - 标准化后列名: ['数据截止日期', '标的代码', '加自选人数']
2025-06-09 14:00:56,707 - INFO - 找到的代码列: ['标的代码']
2025-06-09 14:00:56,707 - INFO - 找到的自选列: ['加自选人数']
2025-06-09 14:00:56,709 - INFO - 处理后列名: ['数据截止日期', 'code', 'attention_count', 'date']
2025-06-09 14:00:56,715 - INFO - 处理后数据前5行:
     数据截止日期    code  attention_count        date
0  20250605  159001              102  2025-06-06
1      None  159003               98  2025-06-06
2      None  159005               45  2025-06-06
3      None  159150              243  2025-06-06
4      None  159201              953  2025-06-06
2025-06-09 14:00:56,812 - INFO - 成功导入 1166 条 2025-06-06 的ETF自选历史数据
2025-06-09 14:00:56,812 - INFO - 处理ETF持有人数据文件: data/客户ETF保有量20250103.xlsx, 日期: 2025-01-03
2025-06-09 14:00:56,861 - INFO - 日期 2025-01-03 的ETF持有人历史数据已存在，跳过导入
2025-06-09 14:00:56,861 - INFO - 处理ETF持有人数据文件: data/客户ETF保有量20250319.xlsx, 日期: 2025-03-19
2025-06-09 14:00:56,874 - INFO - 日期 2025-03-19 的ETF持有人历史数据已存在，跳过导入
2025-06-09 14:00:56,874 - INFO - 处理ETF持有人数据文件: data/客户ETF保有量20250320.xlsx, 日期: 2025-03-20
2025-06-09 14:00:56,887 - INFO - 日期 2025-03-20 的ETF持有人历史数据已存在，跳过导入
2025-06-09 14:00:56,887 - INFO - 处理ETF持有人数据文件: data/客户ETF保有量20250321.xlsx, 日期: 2025-03-21
2025-06-09 14:00:56,898 - INFO - 日期 2025-03-21 的ETF持有人历史数据已存在，跳过导入
2025-06-09 14:00:56,898 - INFO - 处理ETF持有人数据文件: data/客户ETF保有量20250324.xlsx, 日期: 2025-03-24
2025-06-09 14:00:56,910 - INFO - 日期 2025-03-24 的ETF持有人历史数据已存在，跳过导入
2025-06-09 14:00:56,910 - INFO - 处理ETF持有人数据文件: data/客户ETF保有量20250325.xlsx, 日期: 2025-03-25
2025-06-09 14:00:56,921 - INFO - 日期 2025-03-25 的ETF持有人历史数据已存在，跳过导入
2025-06-09 14:00:56,921 - INFO - 处理ETF持有人数据文件: data/客户ETF保有量20250326.xlsx, 日期: 2025-03-26
2025-06-09 14:00:56,933 - INFO - 日期 2025-03-26 的ETF持有人历史数据已存在，跳过导入
2025-06-09 14:00:56,934 - INFO - 处理ETF持有人数据文件: data/客户ETF保有量20250327.xlsx, 日期: 2025-03-27
2025-06-09 14:00:56,946 - INFO - 日期 2025-03-27 的ETF持有人历史数据已存在，跳过导入
2025-06-09 14:00:56,946 - INFO - 处理ETF持有人数据文件: data/客户ETF保有量20250328.xlsx, 日期: 2025-03-28
2025-06-09 14:00:56,958 - INFO - 日期 2025-03-28 的ETF持有人历史数据已存在，跳过导入
2025-06-09 14:00:56,958 - INFO - 处理ETF持有人数据文件: data/客户ETF保有量20250331.xlsx, 日期: 2025-03-31
2025-06-09 14:00:56,969 - INFO - 日期 2025-03-31 的ETF持有人历史数据已存在，跳过导入
2025-06-09 14:00:56,969 - INFO - 处理ETF持有人数据文件: data/客户ETF保有量20250401.xlsx, 日期: 2025-04-01
2025-06-09 14:00:56,980 - INFO - 日期 2025-04-01 的ETF持有人历史数据已存在，跳过导入
2025-06-09 14:00:56,980 - INFO - 处理ETF持有人数据文件: data/客户ETF保有量20250402.xlsx, 日期: 2025-04-02
2025-06-09 14:00:56,991 - INFO - 日期 2025-04-02 的ETF持有人历史数据已存在，跳过导入
2025-06-09 14:00:56,991 - INFO - 处理ETF持有人数据文件: data/客户ETF保有量20250403.xlsx, 日期: 2025-04-03
2025-06-09 14:00:57,004 - INFO - 日期 2025-04-03 的ETF持有人历史数据已存在，跳过导入
2025-06-09 14:00:57,004 - INFO - 处理ETF持有人数据文件: data/客户ETF保有量20250407.xlsx, 日期: 2025-04-07
2025-06-09 14:00:57,015 - INFO - 日期 2025-04-07 的ETF持有人历史数据已存在，跳过导入
2025-06-09 14:00:57,015 - INFO - 处理ETF持有人数据文件: data/客户ETF保有量20250408.xlsx, 日期: 2025-04-08
2025-06-09 14:00:57,026 - INFO - 日期 2025-04-08 的ETF持有人历史数据已存在，跳过导入
2025-06-09 14:00:57,026 - INFO - 处理ETF持有人数据文件: data/客户ETF保有量20250409.xlsx, 日期: 2025-04-09
2025-06-09 14:00:57,038 - INFO - 日期 2025-04-09 的ETF持有人历史数据已存在，跳过导入
2025-06-09 14:00:57,038 - INFO - 处理ETF持有人数据文件: data/客户ETF保有量20250410.xlsx, 日期: 2025-04-10
2025-06-09 14:00:57,048 - INFO - 日期 2025-04-10 的ETF持有人历史数据已存在，跳过导入
2025-06-09 14:00:57,048 - INFO - 处理ETF持有人数据文件: data/客户ETF保有量20250411.xlsx, 日期: 2025-04-11
2025-06-09 14:00:57,060 - INFO - 日期 2025-04-11 的ETF持有人历史数据已存在，跳过导入
2025-06-09 14:00:57,060 - INFO - 处理ETF持有人数据文件: data/客户ETF保有量20250414.xlsx, 日期: 2025-04-14
2025-06-09 14:00:57,071 - INFO - 日期 2025-04-14 的ETF持有人历史数据已存在，跳过导入
2025-06-09 14:00:57,071 - INFO - 处理ETF持有人数据文件: data/客户ETF保有量20250415.xlsx, 日期: 2025-04-15
2025-06-09 14:00:57,082 - INFO - 日期 2025-04-15 的ETF持有人历史数据已存在，跳过导入
2025-06-09 14:00:57,082 - INFO - 处理ETF持有人数据文件: data/客户ETF保有量20250416.xlsx, 日期: 2025-04-16
2025-06-09 14:00:57,093 - INFO - 日期 2025-04-16 的ETF持有人历史数据已存在，跳过导入
2025-06-09 14:00:57,093 - INFO - 处理ETF持有人数据文件: data/客户ETF保有量20250417.xlsx, 日期: 2025-04-17
2025-06-09 14:00:57,104 - INFO - 日期 2025-04-17 的ETF持有人历史数据已存在，跳过导入
2025-06-09 14:00:57,104 - INFO - 处理ETF持有人数据文件: data/客户ETF保有量20250418.xlsx, 日期: 2025-04-18
2025-06-09 14:00:57,115 - INFO - 日期 2025-04-18 的ETF持有人历史数据已存在，跳过导入
2025-06-09 14:00:57,115 - INFO - 处理ETF持有人数据文件: data/客户ETF保有量20250421.xlsx, 日期: 2025-04-21
2025-06-09 14:00:57,126 - INFO - 日期 2025-04-21 的ETF持有人历史数据已存在，跳过导入
2025-06-09 14:00:57,126 - INFO - 处理ETF持有人数据文件: data/客户ETF保有量20250422.xlsx, 日期: 2025-04-22
2025-06-09 14:00:57,137 - INFO - 日期 2025-04-22 的ETF持有人历史数据已存在，跳过导入
2025-06-09 14:00:57,137 - INFO - 处理ETF持有人数据文件: data/客户ETF保有量20250423.xlsx, 日期: 2025-04-23
2025-06-09 14:00:57,148 - INFO - 日期 2025-04-23 的ETF持有人历史数据已存在，跳过导入
2025-06-09 14:00:57,148 - INFO - 处理ETF持有人数据文件: data/客户ETF保有量20250424.xlsx, 日期: 2025-04-24
2025-06-09 14:00:57,159 - INFO - 日期 2025-04-24 的ETF持有人历史数据已存在，跳过导入
2025-06-09 14:00:57,159 - INFO - 处理ETF持有人数据文件: data/客户ETF保有量20250425.xlsx, 日期: 2025-04-25
2025-06-09 14:00:57,170 - INFO - 日期 2025-04-25 的ETF持有人历史数据已存在，跳过导入
2025-06-09 14:00:57,170 - INFO - 处理ETF持有人数据文件: data/客户ETF保有量20250428.xlsx, 日期: 2025-04-28
2025-06-09 14:00:57,180 - INFO - 日期 2025-04-28 的ETF持有人历史数据已存在，跳过导入
2025-06-09 14:00:57,180 - INFO - 处理ETF持有人数据文件: data/客户ETF保有量20250429.xlsx, 日期: 2025-04-29
2025-06-09 14:00:57,192 - INFO - 日期 2025-04-29 的ETF持有人历史数据已存在，跳过导入
2025-06-09 14:00:57,192 - INFO - 处理ETF持有人数据文件: data/客户ETF保有量20250430.xlsx, 日期: 2025-04-30
2025-06-09 14:00:57,203 - INFO - 日期 2025-04-30 的ETF持有人历史数据已存在，跳过导入
2025-06-09 14:00:57,204 - INFO - 处理ETF持有人数据文件: data/客户ETF保有量20250506.xlsx, 日期: 2025-05-06
2025-06-09 14:00:57,215 - INFO - 日期 2025-05-06 的ETF持有人历史数据已存在，跳过导入
2025-06-09 14:00:57,215 - INFO - 处理ETF持有人数据文件: data/客户ETF保有量20250507.xlsx, 日期: 2025-05-07
2025-06-09 14:00:57,226 - INFO - 日期 2025-05-07 的ETF持有人历史数据已存在，跳过导入
2025-06-09 14:00:57,226 - INFO - 处理ETF持有人数据文件: data/客户ETF保有量20250508.xlsx, 日期: 2025-05-08
2025-06-09 14:00:57,239 - INFO - 日期 2025-05-08 的ETF持有人历史数据已存在，跳过导入
2025-06-09 14:00:57,239 - INFO - 处理ETF持有人数据文件: data/客户ETF保有量20250509.xlsx, 日期: 2025-05-09
2025-06-09 14:00:57,249 - INFO - 日期 2025-05-09 的ETF持有人历史数据已存在，跳过导入
2025-06-09 14:00:57,249 - INFO - 处理ETF持有人数据文件: data/客户ETF保有量20250512.xlsx, 日期: 2025-05-12
2025-06-09 14:00:57,261 - INFO - 日期 2025-05-12 的ETF持有人历史数据已存在，跳过导入
2025-06-09 14:00:57,261 - INFO - 处理ETF持有人数据文件: data/客户ETF保有量20250513.xlsx, 日期: 2025-05-13
2025-06-09 14:00:57,272 - INFO - 日期 2025-05-13 的ETF持有人历史数据已存在，跳过导入
2025-06-09 14:00:57,272 - INFO - 处理ETF持有人数据文件: data/客户ETF保有量20250514.xlsx, 日期: 2025-05-14
2025-06-09 14:00:57,283 - INFO - 日期 2025-05-14 的ETF持有人历史数据已存在，跳过导入
2025-06-09 14:00:57,283 - INFO - 处理ETF持有人数据文件: data/客户ETF保有量20250515.xlsx, 日期: 2025-05-15
2025-06-09 14:00:57,294 - INFO - 日期 2025-05-15 的ETF持有人历史数据已存在，跳过导入
2025-06-09 14:00:57,294 - INFO - 处理ETF持有人数据文件: data/客户ETF保有量20250516.xlsx, 日期: 2025-05-16
2025-06-09 14:00:57,305 - INFO - 日期 2025-05-16 的ETF持有人历史数据已存在，跳过导入
2025-06-09 14:00:57,305 - INFO - 处理ETF持有人数据文件: data/客户ETF保有量20250519.xlsx, 日期: 2025-05-19
2025-06-09 14:00:57,316 - INFO - 日期 2025-05-19 的ETF持有人历史数据已存在，跳过导入
2025-06-09 14:00:57,316 - INFO - 处理ETF持有人数据文件: data/客户ETF保有量20250520.xlsx, 日期: 2025-05-20
2025-06-09 14:00:57,327 - INFO - 日期 2025-05-20 的ETF持有人历史数据已存在，跳过导入
2025-06-09 14:00:57,327 - INFO - 处理ETF持有人数据文件: data/客户ETF保有量20250521.xlsx, 日期: 2025-05-21
2025-06-09 14:00:57,339 - INFO - 日期 2025-05-21 的ETF持有人历史数据已存在，跳过导入
2025-06-09 14:00:57,339 - INFO - 处理ETF持有人数据文件: data/客户ETF保有量20250522.xlsx, 日期: 2025-05-22
2025-06-09 14:00:57,349 - INFO - 日期 2025-05-22 的ETF持有人历史数据已存在，跳过导入
2025-06-09 14:00:57,349 - INFO - 处理ETF持有人数据文件: data/客户ETF保有量20250523.xlsx, 日期: 2025-05-23
2025-06-09 14:00:57,360 - INFO - 日期 2025-05-23 的ETF持有人历史数据已存在，跳过导入
2025-06-09 14:00:57,361 - INFO - 处理ETF持有人数据文件: data/客户ETF保有量20250526.xlsx, 日期: 2025-05-26
2025-06-09 14:00:57,373 - INFO - 日期 2025-05-26 的ETF持有人历史数据已存在，跳过导入
2025-06-09 14:00:57,373 - INFO - 处理ETF持有人数据文件: data/客户ETF保有量20250527.xlsx, 日期: 2025-05-27
2025-06-09 14:00:57,384 - INFO - 日期 2025-05-27 的ETF持有人历史数据已存在，跳过导入
2025-06-09 14:00:57,384 - INFO - 处理ETF持有人数据文件: data/客户ETF保有量20250528.xlsx, 日期: 2025-05-28
2025-06-09 14:00:57,395 - INFO - 日期 2025-05-28 的ETF持有人历史数据已存在，跳过导入
2025-06-09 14:00:57,396 - INFO - 处理ETF持有人数据文件: data/客户ETF保有量20250529.xlsx, 日期: 2025-05-29
2025-06-09 14:00:57,407 - INFO - 日期 2025-05-29 的ETF持有人历史数据已存在，跳过导入
2025-06-09 14:00:57,408 - INFO - 处理ETF持有人数据文件: data/客户ETF保有量20250530.xlsx, 日期: 2025-05-30
2025-06-09 14:00:57,418 - INFO - 日期 2025-05-30 的ETF持有人历史数据已存在，跳过导入
2025-06-09 14:00:57,418 - INFO - 处理ETF持有人数据文件: data/客户ETF保有量20250603.xlsx, 日期: 2025-06-03
2025-06-09 14:00:57,429 - INFO - 日期 2025-06-03 的ETF持有人历史数据已存在，跳过导入
2025-06-09 14:00:57,429 - INFO - 处理ETF持有人数据文件: data/客户ETF保有量20250604.xlsx, 日期: 2025-06-04
2025-06-09 14:00:57,499 - INFO - 文件中的工作表: ['客户ETF保有量', '仪表板']
2025-06-09 14:00:57,510 - INFO - 原始列名: ['数据截止日期']
2025-06-09 14:00:57,510 - INFO - 数据形状: (0, 1)
2025-06-09 14:00:57,510 - INFO - 数据前5行:
Empty DataFrame
Columns: [数据截止日期]
Index: []
2025-06-09 14:00:57,510 - WARNING - 标准读取方式返回空数据或只有单列，尝试读取所有单元格...
2025-06-09 14:00:57,653 - INFO - 尝试读取工作表: 客户ETF保有量
2025-06-09 14:00:57,659 - INFO - 找到的标题行: ('数据截止日期', '标的代码', '标的名称', '持仓份额', '持仓客户数', '持仓市值')
2025-06-09 14:00:57,661 - INFO - 成功读取数据，形状: (1142, 6)
2025-06-09 14:00:57,663 - INFO - 处理后列名: ['数据截止日期', 'code', '标的名称', 'holding_amount', 'holder_count', 'holding_value', 'date']
2025-06-09 14:00:57,668 - INFO - 处理后数据前5行:
     数据截止日期    code        标的名称  holding_amount  holder_count  holding_value        date
0  20250604  159001       货币ETF        134204.0            15   1.342040e+07  2025-06-04
1      None  159003     招商快线ETF         10753.0             4   1.075289e+06  2025-06-04
2      None  159005    汇添富快钱ETF          1300.0            12   1.300000e+05  2025-06-04
3      None  159150  深证50ETF易方达       1654160.0            36   1.895667e+06  2025-06-04
4      None  159201    自由现金流ETF      21916389.0           525   2.167531e+07  2025-06-04
2025-06-09 14:00:57,764 - INFO - 成功导入 1142 条 2025-06-04 的ETF持有人历史数据
2025-06-09 14:00:57,764 - INFO - 处理ETF持有人数据文件: data/客户ETF保有量20250605.xlsx, 日期: 2025-06-05
2025-06-09 14:00:57,833 - INFO - 文件中的工作表: ['客户ETF保有量', '仪表板']
2025-06-09 14:00:57,843 - INFO - 原始列名: ['数据截止日期']
2025-06-09 14:00:57,843 - INFO - 数据形状: (0, 1)
2025-06-09 14:00:57,843 - INFO - 数据前5行:
Empty DataFrame
Columns: [数据截止日期]
Index: []
2025-06-09 14:00:57,843 - WARNING - 标准读取方式返回空数据或只有单列，尝试读取所有单元格...
2025-06-09 14:00:58,027 - INFO - 尝试读取工作表: 客户ETF保有量
2025-06-09 14:00:58,033 - INFO - 找到的标题行: ('数据截止日期', '标的代码', '标的名称', '持仓份额', '持仓客户数', '持仓市值')
2025-06-09 14:00:58,034 - INFO - 成功读取数据，形状: (1142, 6)
2025-06-09 14:00:58,037 - INFO - 处理后列名: ['数据截止日期', 'code', '标的名称', 'holding_amount', 'holder_count', 'holding_value', 'date']
2025-06-09 14:00:58,043 - INFO - 处理后数据前5行:
     数据截止日期    code        标的名称  holding_amount  holder_count  holding_value        date
0  20250606  159001       货币ETF        133704.0            14   1.337040e+07  2025-06-05
1      None  159003     招商快线ETF           753.0             3   7.530075e+04  2025-06-05
2      None  159005    汇添富快钱ETF          1300.0            12   1.300013e+05  2025-06-05
3      None  159150  深证50ETF易方达       1654160.0            36   1.898976e+06  2025-06-05
4      None  159201    自由现金流ETF      21798789.0           518   2.162440e+07  2025-06-05
2025-06-09 14:00:58,127 - INFO - 成功导入 1142 条 2025-06-05 的ETF持有人历史数据
2025-06-09 14:00:58,127 - INFO - 处理ETF持有人数据文件: data/客户ETF保有量20250606.xlsx, 日期: 2025-06-06
2025-06-09 14:00:58,196 - INFO - 文件中的工作表: ['客户ETF保有量', '仪表板']
2025-06-09 14:00:58,206 - INFO - 原始列名: ['数据截止日期']
2025-06-09 14:00:58,206 - INFO - 数据形状: (0, 1)
2025-06-09 14:00:58,207 - INFO - 数据前5行:
Empty DataFrame
Columns: [数据截止日期]
Index: []
2025-06-09 14:00:58,207 - WARNING - 标准读取方式返回空数据或只有单列，尝试读取所有单元格...
2025-06-09 14:00:58,315 - INFO - 尝试读取工作表: 客户ETF保有量
2025-06-09 14:00:58,322 - INFO - 找到的标题行: ('数据截止日期', '标的代码', '标的名称', '持仓份额', '持仓客户数', '持仓市值')
2025-06-09 14:00:58,323 - INFO - 成功读取数据，形状: (1142, 6)
2025-06-09 14:00:58,325 - INFO - 处理后列名: ['数据截止日期', 'code', '标的名称', 'holding_amount', 'holder_count', 'holding_value', 'date']
2025-06-09 14:00:58,330 - INFO - 处理后数据前5行:
     数据截止日期    code        标的名称  holding_amount  holder_count  holding_value        date
0  20250605  159001       货币ETF        133904.0            14   1.339027e+07  2025-06-06
1      None  159003     招商快线ETF           753.0             3   7.529925e+04  2025-06-06
2      None  159005    汇添富快钱ETF          1300.0            12   1.300000e+05  2025-06-06
3      None  159150  深证50ETF易方达       1654160.0            36   1.902284e+06  2025-06-06
4      None  159201    自由现金流ETF      21870389.0           518   2.162981e+07  2025-06-06
2025-06-09 14:00:58,412 - INFO - 成功导入 1142 条 2025-06-06 的ETF持有人历史数据
2025-06-09 14:00:58,443 - INFO - 
ETF规模历史数据日期统计:
2025-06-09 14:00:58,443 - INFO -   - 2025-01-03: 1107条记录
2025-06-09 14:00:58,443 - INFO -   - 2025-02-14: 1076条记录
2025-06-09 14:00:58,443 - INFO -   - 2025-02-28: 1092条记录
2025-06-09 14:00:58,443 - INFO -   - 2025-03-07: 1097条记录
2025-06-09 14:00:58,443 - INFO -   - 2025-03-14: 1100条记录
2025-06-09 14:00:58,443 - INFO -   - 2025-03-21: 1077条记录
2025-06-09 14:00:58,443 - INFO -   - 2025-03-25: 1107条记录
2025-06-09 14:00:58,443 - INFO -   - 2025-03-26: 1107条记录
2025-06-09 14:00:58,443 - INFO -   - 2025-03-27: 1108条记录
2025-06-09 14:00:58,443 - INFO -   - 2025-03-28: 1111条记录
2025-06-09 14:00:58,443 - INFO -   - 2025-03-31: 1113条记录
2025-06-09 14:00:58,444 - INFO -   - 2025-04-01: 1077条记录
2025-06-09 14:00:58,444 - INFO -   - 2025-04-02: 1077条记录
2025-06-09 14:00:58,444 - INFO -   - 2025-04-03: 1121条记录
2025-06-09 14:00:58,444 - INFO -   - 2025-04-07: 1121条记录
2025-06-09 14:00:58,444 - INFO -   - 2025-04-08: 1122条记录
2025-06-09 14:00:58,444 - INFO -   - 2025-04-09: 1126条记录
2025-06-09 14:00:58,444 - INFO -   - 2025-04-10: 1126条记录
2025-06-09 14:00:58,444 - INFO -   - 2025-04-11: 1130条记录
2025-06-09 14:00:58,444 - INFO -   - 2025-04-14: 1133条记录
2025-06-09 14:00:58,444 - INFO -   - 2025-04-15: 1134条记录
2025-06-09 14:00:58,444 - INFO -   - 2025-04-16: 1135条记录
2025-06-09 14:00:58,444 - INFO -   - 2025-04-17: 1135条记录
2025-06-09 14:00:58,444 - INFO -   - 2025-04-18: 1137条记录
2025-06-09 14:00:58,444 - INFO -   - 2025-04-21: 1137条记录
2025-06-09 14:00:58,444 - INFO -   - 2025-04-22: 1137条记录
2025-06-09 14:00:58,444 - INFO -   - 2025-04-23: 1139条记录
2025-06-09 14:00:58,444 - INFO -   - 2025-04-24: 1145条记录
2025-06-09 14:00:58,444 - INFO -   - 2025-04-25: 1145条记录
2025-06-09 14:00:58,444 - INFO -   - 2025-04-28: 1146条记录
2025-06-09 14:00:58,444 - INFO -   - 2025-04-29: 1146条记录
2025-06-09 14:00:58,444 - INFO -   - 2025-04-30: 1120条记录
2025-06-09 14:00:58,444 - INFO -   - 2025-05-06: 1148条记录
2025-06-09 14:00:58,444 - INFO -   - 2025-05-07: 1151条记录
2025-06-09 14:00:58,444 - INFO -   - 2025-05-08: 1154条记录
2025-06-09 14:00:58,444 - INFO -   - 2025-05-09: 1155条记录
2025-06-09 14:00:58,444 - INFO -   - 2025-05-12: 1157条记录
2025-06-09 14:00:58,444 - INFO -   - 2025-05-13: 1161条记录
2025-06-09 14:00:58,444 - INFO -   - 2025-05-14: 1162条记录
2025-06-09 14:00:58,444 - INFO -   - 2025-05-15: 1162条记录
2025-06-09 14:00:58,445 - INFO -   - 2025-05-16: 1162条记录
2025-06-09 14:00:58,445 - INFO -   - 2025-05-19: 1164条记录
2025-06-09 14:00:58,445 - INFO -   - 2025-05-20: 1164条记录
2025-06-09 14:00:58,445 - INFO -   - 2025-05-21: 1164条记录
2025-06-09 14:00:58,445 - INFO -   - 2025-05-22: 1164条记录
2025-06-09 14:00:58,445 - INFO -   - 2025-05-23: 1168条记录
2025-06-09 14:00:58,445 - INFO -   - 2025-05-26: 1168条记录
2025-06-09 14:00:58,445 - INFO -   - 2025-05-27: 1174条记录
2025-06-09 14:00:58,445 - INFO -   - 2025-05-28: 1174条记录
2025-06-09 14:00:58,445 - INFO -   - 2025-05-29: 1177条记录
2025-06-09 14:00:58,445 - INFO -   - 2025-05-30: 1178条记录
2025-06-09 14:00:58,445 - INFO -   - 2025-06-03: 1179条记录
2025-06-09 14:00:58,445 - INFO -   - 2025-06-04: 1184条记录
2025-06-09 14:00:58,445 - INFO -   - 2025-06-05: 1184条记录
2025-06-09 14:00:58,445 - INFO -   - 2025-06-06: 1184条记录
2025-06-09 14:00:58,477 - INFO - 
ETF自选历史数据日期统计:
2025-06-09 14:00:58,477 - INFO -   - 2025-01-03: 1029条记录
2025-06-09 14:00:58,477 - INFO -   - 2025-03-19: 1089条记录
2025-06-09 14:00:58,477 - INFO -   - 2025-03-20: 1088条记录
2025-06-09 14:00:58,477 - INFO -   - 2025-03-21: 1090条记录
2025-06-09 14:00:58,477 - INFO -   - 2025-03-24: 1091条记录
2025-06-09 14:00:58,477 - INFO -   - 2025-03-25: 1092条记录
2025-06-09 14:00:58,477 - INFO -   - 2025-03-26: 1093条记录
2025-06-09 14:00:58,477 - INFO -   - 2025-03-27: 1093条记录
2025-06-09 14:00:58,477 - INFO -   - 2025-03-28: 1093条记录
2025-06-09 14:00:58,477 - INFO -   - 2025-03-31: 1096条记录
2025-06-09 14:00:58,477 - INFO -   - 2025-04-01: 1099条记录
2025-06-09 14:00:58,477 - INFO -   - 2025-04-02: 1100条记录
2025-06-09 14:00:58,477 - INFO -   - 2025-04-03: 1103条记录
2025-06-09 14:00:58,477 - INFO -   - 2025-04-07: 1106条记录
2025-06-09 14:00:58,477 - INFO -   - 2025-04-08: 1109条记录
2025-06-09 14:00:58,477 - INFO -   - 2025-04-09: 1113条记录
2025-06-09 14:00:58,477 - INFO -   - 2025-04-10: 1114条记录
2025-06-09 14:00:58,477 - INFO -   - 2025-04-11: 1116条记录
2025-06-09 14:00:58,477 - INFO -   - 2025-04-14: 1120条记录
2025-06-09 14:00:58,477 - INFO -   - 2025-04-15: 1121条记录
2025-06-09 14:00:58,477 - INFO -   - 2025-04-16: 1123条记录
2025-06-09 14:00:58,477 - INFO -   - 2025-04-17: 1123条记录
2025-06-09 14:00:58,477 - INFO -   - 2025-04-18: 1124条记录
2025-06-09 14:00:58,478 - INFO -   - 2025-04-21: 1123条记录
2025-06-09 14:00:58,478 - INFO -   - 2025-04-22: 1122条记录
2025-06-09 14:00:58,478 - INFO -   - 2025-04-23: 1123条记录
2025-06-09 14:00:58,478 - INFO -   - 2025-04-24: 1125条记录
2025-06-09 14:00:58,478 - INFO -   - 2025-04-25: 1129条记录
2025-06-09 14:00:58,478 - INFO -   - 2025-04-28: 1130条记录
2025-06-09 14:00:58,478 - INFO -   - 2025-04-29: 1131条记录
2025-06-09 14:00:58,478 - INFO -   - 2025-04-30: 1133条记录
2025-06-09 14:00:58,478 - INFO -   - 2025-05-06: 1133条记录
2025-06-09 14:00:58,478 - INFO -   - 2025-05-07: 1136条记录
2025-06-09 14:00:58,478 - INFO -   - 2025-05-08: 1137条记录
2025-06-09 14:00:58,478 - INFO -   - 2025-05-09: 1141条记录
2025-06-09 14:00:58,478 - INFO -   - 2025-05-12: 1142条记录
2025-06-09 14:00:58,478 - INFO -   - 2025-05-13: 1144条记录
2025-06-09 14:00:58,478 - INFO -   - 2025-05-14: 1145条记录
2025-06-09 14:00:58,478 - INFO -   - 2025-05-15: 1146条记录
2025-06-09 14:00:58,478 - INFO -   - 2025-05-16: 1147条记录
2025-06-09 14:00:58,478 - INFO -   - 2025-05-19: 1148条记录
2025-06-09 14:00:58,478 - INFO -   - 2025-05-20: 1149条记录
2025-06-09 14:00:58,478 - INFO -   - 2025-05-21: 1150条记录
2025-06-09 14:00:58,478 - INFO -   - 2025-05-22: 1150条记录
2025-06-09 14:00:58,478 - INFO -   - 2025-05-23: 1151条记录
2025-06-09 14:00:58,478 - INFO -   - 2025-05-26: 1153条记录
2025-06-09 14:00:58,478 - INFO -   - 2025-05-27: 1155条记录
2025-06-09 14:00:58,478 - INFO -   - 2025-05-28: 1156条记录
2025-06-09 14:00:58,478 - INFO -   - 2025-05-29: 1159条记录
2025-06-09 14:00:58,478 - INFO -   - 2025-05-30: 1162条记录
2025-06-09 14:00:58,478 - INFO -   - 2025-06-03: 1163条记录
2025-06-09 14:00:58,478 - INFO -   - 2025-06-04: 1165条记录
2025-06-09 14:00:58,479 - INFO -   - 2025-06-05: 1167条记录
2025-06-09 14:00:58,479 - INFO -   - 2025-06-06: 1166条记录
2025-06-09 14:00:58,509 - INFO - 
ETF持有人历史数据日期统计:
2025-06-09 14:00:58,509 - INFO -   - 2025-01-03: 1009条记录
2025-06-09 14:00:58,509 - INFO -   - 2025-03-19: 1081条记录
2025-06-09 14:00:58,509 - INFO -   - 2025-03-20: 1083条记录
2025-06-09 14:00:58,509 - INFO -   - 2025-03-21: 1090条记录
2025-06-09 14:00:58,509 - INFO -   - 2025-03-24: 1091条记录
2025-06-09 14:00:58,509 - INFO -   - 2025-03-25: 1071条记录
2025-06-09 14:00:58,509 - INFO -   - 2025-03-26: 1092条记录
2025-06-09 14:00:58,509 - INFO -   - 2025-03-27: 1093条记录
2025-06-09 14:00:58,509 - INFO -   - 2025-03-28: 1095条记录
2025-06-09 14:00:58,510 - INFO -   - 2025-03-31: 1094条记录
2025-06-09 14:00:58,510 - INFO -   - 2025-04-01: 1093条记录
2025-06-09 14:00:58,510 - INFO -   - 2025-04-02: 1095条记录
2025-06-09 14:00:58,510 - INFO -   - 2025-04-03: 1097条记录
2025-06-09 14:00:58,510 - INFO -   - 2025-04-07: 1099条记录
2025-06-09 14:00:58,510 - INFO -   - 2025-04-08: 1101条记录
2025-06-09 14:00:58,510 - INFO -   - 2025-04-09: 1105条记录
2025-06-09 14:00:58,510 - INFO -   - 2025-04-10: 1104条记录
2025-06-09 14:00:58,510 - INFO -   - 2025-04-11: 1102条记录
2025-06-09 14:00:58,510 - INFO -   - 2025-04-14: 1107条记录
2025-06-09 14:00:58,510 - INFO -   - 2025-04-15: 1109条记录
2025-06-09 14:00:58,510 - INFO -   - 2025-04-16: 1111条记录
2025-06-09 14:00:58,510 - INFO -   - 2025-04-17: 1111条记录
2025-06-09 14:00:58,510 - INFO -   - 2025-04-18: 1110条记录
2025-06-09 14:00:58,510 - INFO -   - 2025-04-21: 1112条记录
2025-06-09 14:00:58,510 - INFO -   - 2025-04-22: 1116条记录
2025-06-09 14:00:58,510 - INFO -   - 2025-04-23: 1117条记录
2025-06-09 14:00:58,510 - INFO -   - 2025-04-24: 1116条记录
2025-06-09 14:00:58,510 - INFO -   - 2025-04-25: 1118条记录
2025-06-09 14:00:58,510 - INFO -   - 2025-04-28: 1118条记录
2025-06-09 14:00:58,510 - INFO -   - 2025-04-29: 1122条记录
2025-06-09 14:00:58,510 - INFO -   - 2025-04-30: 1121条记录
2025-06-09 14:00:58,510 - INFO -   - 2025-05-06: 1124条记录
2025-06-09 14:00:58,510 - INFO -   - 2025-05-07: 1123条记录
2025-06-09 14:00:58,510 - INFO -   - 2025-05-08: 1124条记录
2025-06-09 14:00:58,510 - INFO -   - 2025-05-09: 1124条记录
2025-06-09 14:00:58,510 - INFO -   - 2025-05-12: 1128条记录
2025-06-09 14:00:58,510 - INFO -   - 2025-05-13: 1128条记录
2025-06-09 14:00:58,511 - INFO -   - 2025-05-14: 1130条记录
2025-06-09 14:00:58,511 - INFO -   - 2025-05-15: 1133条记录
2025-06-09 14:00:58,511 - INFO -   - 2025-05-16: 1135条记录
2025-06-09 14:00:58,511 - INFO -   - 2025-05-19: 1136条记录
2025-06-09 14:00:58,511 - INFO -   - 2025-05-20: 1138条记录
2025-06-09 14:00:58,511 - INFO -   - 2025-05-21: 1139条记录
2025-06-09 14:00:58,511 - INFO -   - 2025-05-22: 1140条记录
2025-06-09 14:00:58,511 - INFO -   - 2025-05-23: 1141条记录
2025-06-09 14:00:58,511 - INFO -   - 2025-05-26: 1139条记录
2025-06-09 14:00:58,511 - INFO -   - 2025-05-27: 1140条记录
2025-06-09 14:00:58,511 - INFO -   - 2025-05-28: 1140条记录
2025-06-09 14:00:58,511 - INFO -   - 2025-05-29: 1138条记录
2025-06-09 14:00:58,511 - INFO -   - 2025-05-30: 1141条记录
2025-06-09 14:00:58,511 - INFO -   - 2025-06-03: 1143条记录
2025-06-09 14:00:58,511 - INFO -   - 2025-06-04: 1142条记录
2025-06-09 14:00:58,511 - INFO -   - 2025-06-05: 1142条记录
2025-06-09 14:00:58,511 - INFO -   - 2025-06-06: 1142条记录
2025-06-09 14:00:58,511 - INFO - 
所有历史数据导入完成
