2025-06-10 12:01:44,535 - __main__ - INFO - 开始修复飞书数据
2025-06-10 12:01:46,917 - blueprints.feishu_routes - INFO - 成功从飞书多维表格获取并处理 80 条记录。
2025-06-10 12:01:46,918 - __main__ - INFO - 从飞书API获取到 80 条记录
2025-06-10 12:01:46,924 - __main__ - INFO - 创建飞书推广数据表
2025-06-10 12:01:46,928 - __main__ - INFO - 飞书推广数据表创建成功
2025-06-10 12:01:46,930 - __main__ - INFO - 为ETF 513780 设置默认推广日期: 2025-06-09
2025-06-10 12:01:46,931 - __main__ - INFO - 为ETF 513780 设置默认下线日期: 2025-06-10
2025-06-10 12:01:46,934 - __main__ - INFO - 为ETF 159929 设置默认推广日期: 2025-06-09
2025-06-10 12:01:46,934 - __main__ - INFO - 为ETF 159929 设置默认下线日期: 2025-06-10
2025-06-10 12:01:46,935 - __main__ - INFO - 为ETF 159570 设置默认推广日期: 2025-06-09
2025-06-10 12:01:46,935 - __main__ - INFO - 为ETF 159570 设置默认下线日期: 2025-06-10
2025-06-10 12:01:46,935 - __main__ - INFO - 为ETF 560080 设置默认推广日期: 2025-06-09
2025-06-10 12:01:46,935 - __main__ - INFO - 为ETF 560080 设置默认下线日期: 2025-06-10
2025-06-10 12:01:46,935 - __main__ - INFO - 为ETF 159797 设置默认推广日期: 2025-06-09
2025-06-10 12:01:46,935 - __main__ - INFO - 为ETF 159797 设置默认下线日期: 2025-06-10
2025-06-10 12:01:46,935 - __main__ - INFO - 为ETF 159992 设置默认下线日期: 2025-06-10
2025-06-10 12:01:46,935 - __main__ - INFO - 为ETF 159567 设置默认下线日期: 2025-06-10
2025-06-10 12:01:46,936 - __main__ - INFO - 为ETF 159992 设置默认下线日期: 2025-06-10
2025-06-10 12:01:46,936 - __main__ - INFO - 为ETF 588190 设置默认下线日期: 2025-06-10
2025-06-10 12:01:46,936 - __main__ - INFO - 为ETF 159592 设置默认下线日期: 2025-06-10
2025-06-10 12:01:46,936 - __main__ - INFO - 为ETF 159994 设置默认下线日期: 2025-06-10
2025-06-10 12:01:46,936 - __main__ - INFO - 为ETF 517380 设置默认推广日期: 2025-06-09
2025-06-10 12:01:46,936 - __main__ - INFO - 为ETF 517380 设置默认下线日期: 2025-06-10
2025-06-10 12:01:46,936 - __main__ - INFO - 为ETF 513980 设置默认推广日期: 2025-06-09
2025-06-10 12:01:46,936 - __main__ - INFO - 为ETF 513980 设置默认下线日期: 2025-06-10
2025-06-10 12:01:46,936 - __main__ - INFO - 为ETF 159699 设置默认推广日期: 2025-06-09
2025-06-10 12:01:46,936 - __main__ - INFO - 为ETF 159699 设置默认下线日期: 2025-06-10
2025-06-10 12:01:46,937 - __main__ - INFO - 为ETF 513780 设置默认推广日期: 2025-06-09
2025-06-10 12:01:46,937 - __main__ - INFO - 为ETF 513780 设置默认下线日期: 2025-06-10
2025-06-10 12:01:46,937 - __main__ - INFO - 为ETF 518880 设置默认下线日期: 2025-06-10
2025-06-10 12:01:46,937 - __main__ - INFO - 为ETF 159321 设置默认下线日期: 2025-06-10
2025-06-10 12:01:46,937 - __main__ - INFO - 为ETF 159770 设置默认下线日期: 2025-06-10
2025-06-10 12:01:46,938 - __main__ - INFO - 为ETF 588730 设置默认下线日期: 2025-06-10
2025-06-10 12:01:46,938 - __main__ - INFO - 为ETF 159819 设置默认下线日期: 2025-06-10
2025-06-10 12:01:46,938 - __main__ - INFO - 为ETF 513780 设置默认下线日期: 2025-06-10
2025-06-10 12:01:46,940 - __main__ - INFO - 为ETF 588290 设置默认推广日期: 2025-06-09
2025-06-10 12:01:46,940 - __main__ - INFO - 为ETF 588290 设置默认下线日期: 2025-06-10
2025-06-10 12:01:46,940 - __main__ - INFO - 为ETF 588290 设置默认推广日期: 2025-06-09
2025-06-10 12:01:46,940 - __main__ - INFO - 为ETF 588290 设置默认下线日期: 2025-06-10
2025-06-10 12:01:46,940 - __main__ - INFO - 为ETF 513980 设置默认推广日期: 2025-06-09
2025-06-10 12:01:46,940 - __main__ - INFO - 为ETF 513980 设置默认下线日期: 2025-06-10
2025-06-10 12:01:46,940 - __main__ - INFO - 为ETF 159841 设置默认推广日期: 2025-06-09
2025-06-10 12:01:46,940 - __main__ - INFO - 为ETF 159841 设置默认下线日期: 2025-06-10
2025-06-10 12:01:46,941 - __main__ - INFO - 为ETF 515290 设置默认推广日期: 2025-06-09
2025-06-10 12:01:46,941 - __main__ - INFO - 为ETF 515290 设置默认下线日期: 2025-06-10
2025-06-10 12:01:46,941 - __main__ - INFO - 为ETF 589860 设置默认推广日期: 2025-06-09
2025-06-10 12:01:46,941 - __main__ - INFO - 为ETF 589860 设置默认下线日期: 2025-06-10
2025-06-10 12:01:46,941 - __main__ - INFO - 为ETF 159603 设置默认推广日期: 2025-06-09
2025-06-10 12:01:46,941 - __main__ - INFO - 为ETF 159603 设置默认下线日期: 2025-06-10
2025-06-10 12:01:46,941 - __main__ - INFO - 为ETF 159770 设置默认推广日期: 2025-06-09
2025-06-10 12:01:46,941 - __main__ - INFO - 为ETF 159770 设置默认下线日期: 2025-06-10
2025-06-10 12:01:46,941 - __main__ - INFO - 为ETF 159310 设置默认推广日期: 2025-06-09
2025-06-10 12:01:46,941 - __main__ - INFO - 为ETF 159310 设置默认下线日期: 2025-06-10
2025-06-10 12:01:46,943 - __main__ - INFO - 成功修复 48 条日期问题，保存 80/80 条记录到数据库
2025-06-10 12:01:46,943 - __main__ - INFO - 飞书数据修复完成
